{"/Users/witsanupornpromsirinimit/Downloads/project 9/src/App.tsx": {"path":"/Users/witsanupornpromsirinimit/Downloads/project 9/src/App.tsx","statementMap":{"0":{"start":{"line":21,"column":0},"end":{"line":21,"column":24}},"1":{"start":{"line":1,"column":0},"end":{"line":1,"column":57}},"2":{"start":{"line":2,"column":0},"end":{"line":2,"column":74}},"3":{"start":{"line":3,"column":0},"end":{"line":3,"column":45}},"4":{"start":{"line":4,"column":0},"end":{"line":4,"column":41}},"5":{"start":{"line":5,"column":0},"end":{"line":5,"column":58}},"6":{"start":{"line":6,"column":0},"end":{"line":6,"column":57}},"7":{"start":{"line":8,"column":0},"end":{"line":8,"column":50}},"8":{"start":{"line":9,"column":0},"end":{"line":9,"column":50}},"9":{"start":{"line":10,"column":0},"end":{"line":10,"column":64}},"10":{"start":{"line":11,"column":0},"end":{"line":11,"column":63}},"11":{"start":{"line":12,"column":0},"end":{"line":12,"column":42}},"12":{"start":{"line":13,"column":0},"end":{"line":13,"column":46}},"13":{"start":{"line":17,"column":18},"end":{"line":17,"column":27}},"14":{"start":{"line":18,"column":1},"end":{"line":18,"column":59}},"15":{"start":{"line":23,"column":36},"end":{"line":23,"column":47}},"16":{"start":{"line":24,"column":27},"end":{"line":24,"column":39}},"17":{"start":{"line":25,"column":45},"end":{"line":25,"column":70}},"18":{"start":{"line":27,"column":1},"end":{"line":29,"column":14}},"19":{"start":{"line":28,"column":2},"end":{"line":28,"column":28}},"20":{"start":{"line":31,"column":22},"end":{"line":45,"column":null}},"21":{"start":{"line":33,"column":3},"end":{"line":36,"column":4}},"22":{"start":{"line":34,"column":4},"end":{"line":34,"column":30}},"23":{"start":{"line":35,"column":4},"end":{"line":35,"column":11}},"24":{"start":{"line":38,"column":20},"end":{"line":41,"column":null}},"25":{"start":{"line":40,"column":5},"end":{"line":41,"column":69}},"26":{"start":{"line":43,"column":3},"end":{"line":43,"column":31}},"27":{"start":{"line":48,"column":1},"end":{"line":50,"column":27}},"28":{"start":{"line":49,"column":2},"end":{"line":49,"column":22}},"29":{"start":{"line":52,"column":1},"end":{"line":108,"column":3}}},"fnMap":{"0":{"name":"PrivateRoute","decl":{"start":{"line":16,"column":9},"end":{"line":16,"column":21}},"loc":{"start":{"line":16,"column":65},"end":{"line":19,"column":1}}},"1":{"name":"App","decl":{"start":{"line":21,"column":24},"end":{"line":21,"column":27}},"loc":{"start":{"line":21,"column":27},"end":{"line":109,"column":1}}},"2":{"name":"(anonymous_2)","decl":{"start":{"line":27,"column":11},"end":{"line":27,"column":14}},"loc":{"start":{"line":27,"column":16},"end":{"line":29,"column":2}}},"3":{"name":"(anonymous_3)","decl":{"start":{"line":32,"column":2},"end":{"line":32,"column":3}},"loc":{"start":{"line":32,"column":26},"end":{"line":44,"column":3}}},"4":{"name":"(anonymous_4)","decl":{"start":{"line":39,"column":4},"end":{"line":39,"column":5}},"loc":{"start":{"line":40,"column":5},"end":{"line":41,"column":69}}},"5":{"name":"(anonymous_5)","decl":{"start":{"line":48,"column":11},"end":{"line":48,"column":14}},"loc":{"start":{"line":48,"column":16},"end":{"line":50,"column":2}}}},"branchMap":{"0":{"loc":{"start":{"line":18,"column":8},"end":{"line":18,"column":58}},"type":"cond-expr","locations":[{"start":{"line":18,"column":15},"end":{"line":18,"column":30}},{"start":{"line":18,"column":33},"end":{"line":18,"column":58}}]},"1":{"loc":{"start":{"line":33,"column":3},"end":{"line":36,"column":4}},"type":"if","locations":[{"start":{"line":33,"column":3},"end":{"line":36,"column":4}}]},"2":{"loc":{"start":{"line":40,"column":5},"end":{"line":41,"column":69}},"type":"binary-expr","locations":[{"start":{"line":40,"column":5},"end":{"line":40,"column":66}},{"start":{"line":41,"column":5},"end":{"line":41,"column":69}}]}},"s":{"0":0,"1":0,"2":0,"3":0,"4":0,"5":0,"6":0,"7":0,"8":0,"9":0,"10":0,"11":0,"12":0,"13":0,"14":0,"15":0,"16":0,"17":0,"18":0,"19":0,"20":0,"21":0,"22":0,"23":0,"24":0,"25":0,"26":0,"27":0,"28":0,"29":0},"f":{"0":0,"1":0,"2":0,"3":0,"4":0,"5":0},"b":{"0":[0,0],"1":[0],"2":[0,0]}}
,"/Users/witsanupornpromsirinimit/Downloads/project 9/src/main.tsx": {"path":"/Users/witsanupornpromsirinimit/Downloads/project 9/src/main.tsx","statementMap":{"0":{"start":{"line":1,"column":0},"end":{"line":1,"column":35}},"1":{"start":{"line":2,"column":0},"end":{"line":2,"column":46}},"2":{"start":{"line":3,"column":0},"end":{"line":3,"column":24}},"3":{"start":{"line":4,"column":0},"end":{"line":4,"column":21}},"4":{"start":{"line":6,"column":0},"end":{"line":10,"column":2}}},"fnMap":{},"branchMap":{},"s":{"0":0,"1":0,"2":0,"3":0,"4":0},"f":{},"b":{}}
,"/Users/witsanupornpromsirinimit/Downloads/project 9/src/components/Destinations.tsx": {"path":"/Users/witsanupornpromsirinimit/Downloads/project 9/src/components/Destinations.tsx","statementMap":{"0":{"start":{"line":12,"column":0},"end":{"line":12,"column":16}},"1":{"start":{"line":2,"column":0},"end":{"line":2,"column":39}},"2":{"start":{"line":3,"column":0},"end":{"line":3,"column":40}},"3":{"start":{"line":13,"column":1},"end":{"line":19,"column":2}},"4":{"start":{"line":14,"column":2},"end":{"line":18,"column":4}},"5":{"start":{"line":21,"column":1},"end":{"line":23,"column":2}},"6":{"start":{"line":22,"column":2},"end":{"line":22,"column":70}},"7":{"start":{"line":25,"column":1},"end":{"line":50,"column":3}},"8":{"start":{"line":42,"column":6},"end":{"line":43,"column":null}}},"fnMap":{"0":{"name":"Destinations","decl":{"start":{"line":12,"column":16},"end":{"line":12,"column":28}},"loc":{"start":{"line":12,"column":74},"end":{"line":51,"column":1}}},"1":{"name":"(anonymous_1)","decl":{"start":{"line":41,"column":17},"end":{"line":41,"column":18}},"loc":{"start":{"line":42,"column":6},"end":{"line":43,"column":null}}}},"branchMap":{"0":{"loc":{"start":{"line":13,"column":1},"end":{"line":19,"column":2}},"type":"if","locations":[{"start":{"line":13,"column":1},"end":{"line":19,"column":2}}]},"1":{"loc":{"start":{"line":21,"column":1},"end":{"line":23,"column":2}},"type":"if","locations":[{"start":{"line":21,"column":1},"end":{"line":23,"column":2}}]}},"s":{"0":1,"1":1,"2":1,"3":3,"4":0,"5":3,"6":0,"7":3,"8":6},"f":{"0":3,"1":6},"b":{"0":[0],"1":[0]}}
,"/Users/witsanupornpromsirinimit/Downloads/project 9/src/components/Hero.tsx": {"path":"/Users/witsanupornpromsirinimit/Downloads/project 9/src/components/Hero.tsx","statementMap":{"0":{"start":{"line":5,"column":0},"end":{"line":5,"column":16}},"1":{"start":{"line":1,"column":0},"end":{"line":1,"column":39}},"2":{"start":{"line":2,"column":0},"end":{"line":2,"column":43}},"3":{"start":{"line":3,"column":0},"end":{"line":3,"column":68}},"4":{"start":{"line":6,"column":1},"end":{"line":47,"column":3}}},"fnMap":{"0":{"name":"Hero","decl":{"start":{"line":5,"column":16},"end":{"line":5,"column":20}},"loc":{"start":{"line":5,"column":20},"end":{"line":48,"column":1}}}},"branchMap":{},"s":{"0":1,"1":1,"2":1,"3":1,"4":3},"f":{"0":3},"b":{}}
,"/Users/witsanupornpromsirinimit/Downloads/project 9/src/components/Navbar.tsx": {"path":"/Users/witsanupornpromsirinimit/Downloads/project 9/src/components/Navbar.tsx","statementMap":{"0":{"start":{"line":7,"column":0},"end":{"line":7,"column":16}},"1":{"start":{"line":1,"column":0},"end":{"line":1,"column":39}},"2":{"start":{"line":2,"column":0},"end":{"line":2,"column":53}},"3":{"start":{"line":3,"column":0},"end":{"line":3,"column":47}},"4":{"start":{"line":4,"column":0},"end":{"line":4,"column":44}},"5":{"start":{"line":5,"column":0},"end":{"line":5,"column":43}},"6":{"start":{"line":8,"column":26},"end":{"line":8,"column":35}},"7":{"start":{"line":9,"column":18},"end":{"line":9,"column":31}},"8":{"start":{"line":11,"column":22},"end":{"line":14,"column":2}},"9":{"start":{"line":12,"column":2},"end":{"line":12,"column":11}},"10":{"start":{"line":13,"column":2},"end":{"line":13,"column":16}},"11":{"start":{"line":16,"column":1},"end":{"line":105,"column":3}}},"fnMap":{"0":{"name":"Navbar","decl":{"start":{"line":7,"column":16},"end":{"line":7,"column":22}},"loc":{"start":{"line":7,"column":22},"end":{"line":106,"column":1}}},"1":{"name":"(anonymous_1)","decl":{"start":{"line":11,"column":22},"end":{"line":11,"column":25}},"loc":{"start":{"line":11,"column":27},"end":{"line":14,"column":2}}}},"branchMap":{"0":{"loc":{"start":{"line":62,"column":6},"end":{"line":100,"column":null}},"type":"cond-expr","locations":[{"start":{"line":63,"column":6},"end":{"line":78,"column":null}},{"start":{"line":81,"column":6},"end":{"line":99,"column":null}}]}},"s":{"0":1,"1":1,"2":1,"3":1,"4":1,"5":1,"6":5,"7":5,"8":5,"9":0,"10":0,"11":5},"f":{"0":5,"1":0},"b":{"0":[5,0]}}
,"/Users/witsanupornpromsirinimit/Downloads/project 9/src/components/PlaceCard.tsx": {"path":"/Users/witsanupornpromsirinimit/Downloads/project 9/src/components/PlaceCard.tsx","statementMap":{"0":{"start":{"line":10,"column":0},"end":{"line":10,"column":16}},"1":{"start":{"line":1,"column":0},"end":{"line":1,"column":39}},"2":{"start":{"line":2,"column":0},"end":{"line":2,"column":44}},"3":{"start":{"line":3,"column":0},"end":{"line":3,"column":40}},"4":{"start":{"line":11,"column":1},"end":{"line":50,"column":3}}},"fnMap":{"0":{"name":"PlaceCard","decl":{"start":{"line":10,"column":16},"end":{"line":10,"column":25}},"loc":{"start":{"line":10,"column":51},"end":{"line":51,"column":1}}}},"branchMap":{},"s":{"0":1,"1":1,"2":1,"3":1,"4":6},"f":{"0":6},"b":{}}
,"/Users/witsanupornpromsirinimit/Downloads/project 9/src/components/ThemeToggle.tsx": {"path":"/Users/witsanupornpromsirinimit/Downloads/project 9/src/components/ThemeToggle.tsx","statementMap":{"0":{"start":{"line":5,"column":0},"end":{"line":5,"column":16}},"1":{"start":{"line":1,"column":0},"end":{"line":1,"column":39}},"2":{"start":{"line":2,"column":0},"end":{"line":2,"column":41}},"3":{"start":{"line":3,"column":0},"end":{"line":3,"column":45}},"4":{"start":{"line":6,"column":32},"end":{"line":6,"column":42}},"5":{"start":{"line":8,"column":1},"end":{"line":22,"column":3}}},"fnMap":{"0":{"name":"ThemeToggle","decl":{"start":{"line":5,"column":16},"end":{"line":5,"column":27}},"loc":{"start":{"line":5,"column":27},"end":{"line":23,"column":1}}}},"branchMap":{"0":{"loc":{"start":{"line":16,"column":4},"end":{"line":19,"column":null}},"type":"cond-expr","locations":[{"start":{"line":17,"column":4},"end":{"line":17,"column":65}},{"start":{"line":19,"column":4},"end":{"line":19,"column":64}}]}},"s":{"0":1,"1":1,"2":1,"3":1,"4":6,"5":6},"f":{"0":6},"b":{"0":[5,1]}}
,"/Users/witsanupornpromsirinimit/Downloads/project 9/src/components/animations/fade.ts": {"path":"/Users/witsanupornpromsirinimit/Downloads/project 9/src/components/animations/fade.ts","statementMap":{"0":{"start":{"line":3,"column":13},"end":{"line":10,"column":2}},"1":{"start":{"line":12,"column":13},"end":{"line":19,"column":2}}},"fnMap":{},"branchMap":{},"s":{"0":0,"1":0},"f":{},"b":{}}
,"/Users/witsanupornpromsirinimit/Downloads/project 9/src/components/animations/index.ts": {"path":"/Users/witsanupornpromsirinimit/Downloads/project 9/src/components/animations/index.ts","statementMap":{"0":{"start":{"line":1,"column":0},"end":{"line":1,"column":32}},"1":{"start":{"line":2,"column":0},"end":{"line":2,"column":33}},"2":{"start":{"line":3,"column":0},"end":{"line":3,"column":36}},"3":{"start":{"line":4,"column":0},"end":{"line":4,"column":39}}},"fnMap":{},"branchMap":{},"s":{"0":1,"1":1,"2":1,"3":1},"f":{},"b":{}}
,"/Users/witsanupornpromsirinimit/Downloads/project 9/src/components/animations/transitions/hover.ts": {"path":"/Users/witsanupornpromsirinimit/Downloads/project 9/src/components/animations/transitions/hover.ts","statementMap":{"0":{"start":{"line":1,"column":13},"end":{"line":4,"column":2}},"1":{"start":{"line":6,"column":13},"end":{"line":9,"column":2}}},"fnMap":{},"branchMap":{},"s":{"0":1,"1":1},"f":{},"b":{}}
,"/Users/witsanupornpromsirinimit/Downloads/project 9/src/components/animations/transitions/infinite.ts": {"path":"/Users/witsanupornpromsirinimit/Downloads/project 9/src/components/animations/transitions/infinite.ts","statementMap":{"0":{"start":{"line":3,"column":13},"end":{"line":9,"column":2}}},"fnMap":{},"branchMap":{},"s":{"0":1},"f":{},"b":{}}
,"/Users/witsanupornpromsirinimit/Downloads/project 9/src/components/animations/variants/fade.ts": {"path":"/Users/witsanupornpromsirinimit/Downloads/project 9/src/components/animations/variants/fade.ts","statementMap":{"0":{"start":{"line":3,"column":13},"end":{"line":10,"column":2}}},"fnMap":{},"branchMap":{},"s":{"0":1},"f":{},"b":{}}
,"/Users/witsanupornpromsirinimit/Downloads/project 9/src/components/animations/variants/slide.ts": {"path":"/Users/witsanupornpromsirinimit/Downloads/project 9/src/components/animations/variants/slide.ts","statementMap":{"0":{"start":{"line":3,"column":13},"end":{"line":10,"column":2}},"1":{"start":{"line":12,"column":13},"end":{"line":19,"column":2}}},"fnMap":{},"branchMap":{},"s":{"0":1,"1":1},"f":{},"b":{}}
,"/Users/witsanupornpromsirinimit/Downloads/project 9/src/components/auth/AuthModal.tsx": {"path":"/Users/witsanupornpromsirinimit/Downloads/project 9/src/components/auth/AuthModal.tsx","statementMap":{"0":{"start":{"line":12,"column":0},"end":{"line":12,"column":16}},"1":{"start":{"line":1,"column":0},"end":{"line":1,"column":56}},"2":{"start":{"line":2,"column":0},"end":{"line":2,"column":33}},"3":{"start":{"line":3,"column":0},"end":{"line":3,"column":39}},"4":{"start":{"line":4,"column":0},"end":{"line":4,"column":40}},"5":{"start":{"line":13,"column":1},"end":{"line":45,"column":3}}},"fnMap":{"0":{"name":"AuthModal","decl":{"start":{"line":12,"column":16},"end":{"line":12,"column":25}},"loc":{"start":{"line":12,"column":67},"end":{"line":46,"column":1}}}},"branchMap":{"0":{"loc":{"start":{"line":15,"column":4},"end":{"line":42,"column":null}},"type":"binary-expr","locations":[{"start":{"line":15,"column":4},"end":{"line":15,"column":10}},{"start":{"line":16,"column":4},"end":{"line":41,"column":null}}]},"1":{"loc":{"start":{"line":38,"column":8},"end":{"line":38,"column":61}},"type":"cond-expr","locations":[{"start":{"line":38,"column":28},"end":{"line":38,"column":42}},{"start":{"line":38,"column":45},"end":{"line":38,"column":61}}]}},"s":{"0":0,"1":0,"2":0,"3":0,"4":0,"5":0},"f":{"0":0},"b":{"0":[0,0],"1":[0,0]}}
,"/Users/witsanupornpromsirinimit/Downloads/project 9/src/components/auth/LoginForm.tsx": {"path":"/Users/witsanupornpromsirinimit/Downloads/project 9/src/components/auth/LoginForm.tsx","statementMap":{"0":{"start":{"line":9,"column":0},"end":{"line":9,"column":16}},"1":{"start":{"line":1,"column":0},"end":{"line":1,"column":40}},"2":{"start":{"line":2,"column":0},"end":{"line":2,"column":39}},"3":{"start":{"line":3,"column":0},"end":{"line":3,"column":46}},"4":{"start":{"line":10,"column":28},"end":{"line":10,"column":40}},"5":{"start":{"line":11,"column":34},"end":{"line":11,"column":46}},"6":{"start":{"line":12,"column":27},"end":{"line":12,"column":36}},"7":{"start":{"line":14,"column":23},"end":{"line":20,"column":4}},"8":{"start":{"line":14,"column":52},"end":{"line":20,"column":4}},"9":{"start":{"line":15,"column":4},"end":{"line":15,"column":23}},"10":{"start":{"line":16,"column":20},"end":{"line":16,"column":48}},"11":{"start":{"line":17,"column":4},"end":{"line":19,"column":5}},"12":{"start":{"line":18,"column":6},"end":{"line":18,"column":16}},"13":{"start":{"line":22,"column":2},"end":{"line":60,"column":4}},"14":{"start":{"line":35,"column":27},"end":{"line":35,"column":51}},"15":{"start":{"line":47,"column":27},"end":{"line":47,"column":54}}},"fnMap":{"0":{"name":"LoginForm","decl":{"start":{"line":9,"column":16},"end":{"line":9,"column":25}},"loc":{"start":{"line":9,"column":53},"end":{"line":61,"column":1}}},"1":{"name":"(anonymous_8)","decl":{"start":{"line":14,"column":23},"end":{"line":14,"column":30}},"loc":{"start":{"line":14,"column":52},"end":{"line":20,"column":4}}},"2":{"name":"(anonymous_9)","decl":{"start":{"line":14,"column":52},"end":{"line":14,"column":null}},"loc":{"start":{"line":14,"column":52},"end":{"line":20,"column":3}}},"3":{"name":"(anonymous_10)","decl":{"start":{"line":35,"column":20},"end":{"line":35,"column":21}},"loc":{"start":{"line":35,"column":27},"end":{"line":35,"column":51}}},"4":{"name":"(anonymous_11)","decl":{"start":{"line":47,"column":20},"end":{"line":47,"column":21}},"loc":{"start":{"line":47,"column":27},"end":{"line":47,"column":54}}}},"branchMap":{"0":{"loc":{"start":{"line":17,"column":4},"end":{"line":19,"column":5}},"type":"if","locations":[{"start":{"line":17,"column":4},"end":{"line":19,"column":5}}]},"1":{"loc":{"start":{"line":24,"column":7},"end":{"line":25,"column":null}},"type":"binary-expr","locations":[{"start":{"line":24,"column":7},"end":{"line":24,"column":12}},{"start":{"line":25,"column":8},"end":{"line":25,"column":59}}]}},"s":{"0":0,"1":0,"2":0,"3":0,"4":0,"5":0,"6":0,"7":0,"8":0,"9":0,"10":0,"11":0,"12":0,"13":0,"14":0,"15":0},"f":{"0":0,"1":0,"2":0,"3":0,"4":0},"b":{"0":[0],"1":[0,0]}}
,"/Users/witsanupornpromsirinimit/Downloads/project 9/src/components/auth/SignIn.tsx": {"path":"/Users/witsanupornpromsirinimit/Downloads/project 9/src/components/auth/SignIn.tsx","statementMap":{"0":{"start":{"line":10,"column":0},"end":{"line":10,"column":16}},"1":{"start":{"line":1,"column":0},"end":{"line":1,"column":40}},"2":{"start":{"line":2,"column":0},"end":{"line":2,"column":60}},"3":{"start":{"line":3,"column":0},"end":{"line":3,"column":39}},"4":{"start":{"line":4,"column":0},"end":{"line":4,"column":46}},"5":{"start":{"line":11,"column":28},"end":{"line":11,"column":40}},"6":{"start":{"line":12,"column":34},"end":{"line":12,"column":46}},"7":{"start":{"line":13,"column":27},"end":{"line":13,"column":36}},"8":{"start":{"line":14,"column":19},"end":{"line":14,"column":32}},"9":{"start":{"line":15,"column":19},"end":{"line":15,"column":32}},"10":{"start":{"line":16,"column":16},"end":{"line":16,"column":47}},"11":{"start":{"line":18,"column":23},"end":{"line":24,"column":4}},"12":{"start":{"line":18,"column":52},"end":{"line":24,"column":4}},"13":{"start":{"line":19,"column":4},"end":{"line":19,"column":23}},"14":{"start":{"line":20,"column":20},"end":{"line":20,"column":48}},"15":{"start":{"line":21,"column":4},"end":{"line":23,"column":5}},"16":{"start":{"line":22,"column":6},"end":{"line":22,"column":29}},"17":{"start":{"line":26,"column":2},"end":{"line":91,"column":4}},"18":{"start":{"line":57,"column":33},"end":{"line":57,"column":57}},"19":{"start":{"line":71,"column":33},"end":{"line":71,"column":60}}},"fnMap":{"0":{"name":"SignIn","decl":{"start":{"line":10,"column":16},"end":{"line":10,"column":22}},"loc":{"start":{"line":10,"column":22},"end":{"line":92,"column":1}}},"1":{"name":"(anonymous_8)","decl":{"start":{"line":18,"column":23},"end":{"line":18,"column":30}},"loc":{"start":{"line":18,"column":52},"end":{"line":24,"column":4}}},"2":{"name":"(anonymous_9)","decl":{"start":{"line":18,"column":52},"end":{"line":18,"column":null}},"loc":{"start":{"line":18,"column":52},"end":{"line":24,"column":3}}},"3":{"name":"(anonymous_10)","decl":{"start":{"line":57,"column":26},"end":{"line":57,"column":27}},"loc":{"start":{"line":57,"column":33},"end":{"line":57,"column":57}}},"4":{"name":"(anonymous_11)","decl":{"start":{"line":71,"column":26},"end":{"line":71,"column":27}},"loc":{"start":{"line":71,"column":33},"end":{"line":71,"column":60}}}},"branchMap":{"0":{"loc":{"start":{"line":21,"column":4},"end":{"line":23,"column":5}},"type":"if","locations":[{"start":{"line":21,"column":4},"end":{"line":23,"column":5}}]},"1":{"loc":{"start":{"line":37,"column":11},"end":{"line":40,"column":null}},"type":"binary-expr","locations":[{"start":{"line":37,"column":11},"end":{"line":37,"column":25}},{"start":{"line":38,"column":12},"end":{"line":39,"column":null}}]},"2":{"loc":{"start":{"line":37,"column":11},"end":{"line":37,"column":25}},"type":"cond-expr","locations":[{"start":{"line":37,"column":16},"end":{"line":37,"column":18}},{"start":{"line":37,"column":11},"end":{"line":37,"column":25}}]},"3":{"loc":{"start":{"line":37,"column":11},"end":{"line":37,"column":18}},"type":"binary-expr","locations":[{"start":{"line":37,"column":11},"end":{"line":37,"column":18}},{"start":{"line":37,"column":11},"end":{"line":37,"column":18}}]},"4":{"loc":{"start":{"line":44,"column":11},"end":{"line":45,"column":null}},"type":"binary-expr","locations":[{"start":{"line":44,"column":11},"end":{"line":44,"column":16}},{"start":{"line":45,"column":12},"end":{"line":45,"column":75}}]}},"s":{"0":0,"1":0,"2":0,"3":0,"4":0,"5":0,"6":0,"7":0,"8":0,"9":0,"10":0,"11":0,"12":0,"13":0,"14":0,"15":0,"16":0,"17":0,"18":0,"19":0},"f":{"0":0,"1":0,"2":0,"3":0,"4":0},"b":{"0":[0],"1":[0,0],"2":[0,0],"3":[0,0],"4":[0,0]}}
,"/Users/witsanupornpromsirinimit/Downloads/project 9/src/components/auth/SignUp.tsx": {"path":"/Users/witsanupornpromsirinimit/Downloads/project 9/src/components/auth/SignUp.tsx","statementMap":{"0":{"start":{"line":6,"column":0},"end":{"line":6,"column":16}},"1":{"start":{"line":1,"column":0},"end":{"line":1,"column":40}},"2":{"start":{"line":2,"column":0},"end":{"line":2,"column":47}},"3":{"start":{"line":3,"column":0},"end":{"line":3,"column":39}},"4":{"start":{"line":4,"column":0},"end":{"line":4,"column":46}},"5":{"start":{"line":7,"column":28},"end":{"line":7,"column":40}},"6":{"start":{"line":8,"column":34},"end":{"line":8,"column":46}},"7":{"start":{"line":9,"column":48},"end":{"line":9,"column":60}},"8":{"start":{"line":10,"column":28},"end":{"line":10,"column":37}},"9":{"start":{"line":11,"column":19},"end":{"line":11,"column":32}},"10":{"start":{"line":13,"column":23},"end":{"line":23,"column":4}},"11":{"start":{"line":13,"column":52},"end":{"line":23,"column":4}},"12":{"start":{"line":14,"column":4},"end":{"line":14,"column":23}},"13":{"start":{"line":15,"column":4},"end":{"line":18,"column":5}},"14":{"start":{"line":16,"column":6},"end":{"line":16,"column":38}},"15":{"start":{"line":17,"column":6},"end":{"line":17,"column":13}},"16":{"start":{"line":19,"column":20},"end":{"line":19,"column":49}},"17":{"start":{"line":20,"column":4},"end":{"line":22,"column":5}},"18":{"start":{"line":21,"column":6},"end":{"line":21,"column":94}},"19":{"start":{"line":25,"column":2},"end":{"line":99,"column":4}},"20":{"start":{"line":51,"column":33},"end":{"line":51,"column":57}},"21":{"start":{"line":65,"column":33},"end":{"line":65,"column":60}},"22":{"start":{"line":79,"column":33},"end":{"line":79,"column":67}}},"fnMap":{"0":{"name":"SignUp","decl":{"start":{"line":6,"column":16},"end":{"line":6,"column":22}},"loc":{"start":{"line":6,"column":22},"end":{"line":100,"column":1}}},"1":{"name":"(anonymous_8)","decl":{"start":{"line":13,"column":23},"end":{"line":13,"column":30}},"loc":{"start":{"line":13,"column":52},"end":{"line":23,"column":4}}},"2":{"name":"(anonymous_9)","decl":{"start":{"line":13,"column":52},"end":{"line":13,"column":null}},"loc":{"start":{"line":13,"column":52},"end":{"line":23,"column":3}}},"3":{"name":"(anonymous_10)","decl":{"start":{"line":51,"column":26},"end":{"line":51,"column":27}},"loc":{"start":{"line":51,"column":33},"end":{"line":51,"column":57}}},"4":{"name":"(anonymous_11)","decl":{"start":{"line":65,"column":26},"end":{"line":65,"column":27}},"loc":{"start":{"line":65,"column":33},"end":{"line":65,"column":60}}},"5":{"name":"(anonymous_12)","decl":{"start":{"line":79,"column":26},"end":{"line":79,"column":27}},"loc":{"start":{"line":79,"column":33},"end":{"line":79,"column":67}}}},"branchMap":{"0":{"loc":{"start":{"line":15,"column":4},"end":{"line":18,"column":5}},"type":"if","locations":[{"start":{"line":15,"column":4},"end":{"line":18,"column":5}}]},"1":{"loc":{"start":{"line":20,"column":4},"end":{"line":22,"column":5}},"type":"if","locations":[{"start":{"line":20,"column":4},"end":{"line":22,"column":5}}]},"2":{"loc":{"start":{"line":38,"column":11},"end":{"line":39,"column":null}},"type":"binary-expr","locations":[{"start":{"line":38,"column":11},"end":{"line":38,"column":16}},{"start":{"line":39,"column":12},"end":{"line":39,"column":75}}]}},"s":{"0":0,"1":0,"2":0,"3":0,"4":0,"5":0,"6":0,"7":0,"8":0,"9":0,"10":0,"11":0,"12":0,"13":0,"14":0,"15":0,"16":0,"17":0,"18":0,"19":0,"20":0,"21":0,"22":0},"f":{"0":0,"1":0,"2":0,"3":0,"4":0,"5":0},"b":{"0":[0],"1":[0],"2":[0,0]}}
,"/Users/witsanupornpromsirinimit/Downloads/project 9/src/components/auth/UserDashboard.tsx": {"path":"/Users/witsanupornpromsirinimit/Downloads/project 9/src/components/auth/UserDashboard.tsx","statementMap":{"0":{"start":{"line":5,"column":0},"end":{"line":5,"column":16}},"1":{"start":{"line":1,"column":0},"end":{"line":1,"column":39}},"2":{"start":{"line":2,"column":0},"end":{"line":2,"column":46}},"3":{"start":{"line":3,"column":0},"end":{"line":3,"column":54}},"4":{"start":{"line":6,"column":18},"end":{"line":6,"column":27}},"5":{"start":{"line":7,"column":31},"end":{"line":7,"column":52}},"6":{"start":{"line":9,"column":1},"end":{"line":60,"column":3}},"7":{"start":{"line":29,"column":10},"end":{"line":30,"column":null}}},"fnMap":{"0":{"name":"UserDashboard","decl":{"start":{"line":5,"column":16},"end":{"line":5,"column":29}},"loc":{"start":{"line":5,"column":29},"end":{"line":61,"column":1}}},"1":{"name":"(anonymous_1)","decl":{"start":{"line":28,"column":23},"end":{"line":28,"column":24}},"loc":{"start":{"line":29,"column":10},"end":{"line":30,"column":null}}}},"branchMap":{"0":{"loc":{"start":{"line":7,"column":43},"end":{"line":7,"column":51}},"type":"cond-expr","locations":[{"start":{"line":7,"column":47},"end":{"line":7,"column":49}},{"start":{"line":7,"column":43},"end":{"line":7,"column":51}}]},"1":{"loc":{"start":{"line":7,"column":43},"end":{"line":7,"column":49}},"type":"binary-expr","locations":[{"start":{"line":7,"column":43},"end":{"line":7,"column":49}},{"start":{"line":7,"column":43},"end":{"line":7,"column":49}}]},"2":{"loc":{"start":{"line":18,"column":21},"end":{"line":18,"column":35}},"type":"cond-expr","locations":[{"start":{"line":18,"column":25},"end":{"line":18,"column":27}},{"start":{"line":18,"column":21},"end":{"line":18,"column":35}}]},"3":{"loc":{"start":{"line":18,"column":21},"end":{"line":18,"column":27}},"type":"binary-expr","locations":[{"start":{"line":18,"column":21},"end":{"line":18,"column":27}},{"start":{"line":18,"column":21},"end":{"line":18,"column":27}}]},"4":{"loc":{"start":{"line":24,"column":8},"end":{"line":53,"column":null}},"type":"cond-expr","locations":[{"start":{"line":25,"column":8},"end":{"line":25,"column":83}},{"start":{"line":26,"column":11},"end":{"line":53,"column":null}}]},"5":{"loc":{"start":{"line":26,"column":11},"end":{"line":53,"column":null}},"type":"cond-expr","locations":[{"start":{"line":27,"column":8},"end":{"line":50,"column":null}},{"start":{"line":53,"column":8},"end":{"line":53,"column":78}}]}},"s":{"0":0,"1":0,"2":0,"3":0,"4":0,"5":0,"6":0,"7":0},"f":{"0":0,"1":0},"b":{"0":[0,0],"1":[0,0],"2":[0,0],"3":[0,0],"4":[0,0],"5":[0,0]}}
,"/Users/witsanupornpromsirinimit/Downloads/project 9/src/components/auth/UserProfile.tsx": {"path":"/Users/witsanupornpromsirinimit/Downloads/project 9/src/components/auth/UserProfile.tsx","statementMap":{"0":{"start":{"line":5,"column":0},"end":{"line":5,"column":16}},"1":{"start":{"line":1,"column":0},"end":{"line":1,"column":39}},"2":{"start":{"line":2,"column":0},"end":{"line":2,"column":46}},"3":{"start":{"line":3,"column":0},"end":{"line":3,"column":54}},"4":{"start":{"line":6,"column":18},"end":{"line":6,"column":27}},"5":{"start":{"line":7,"column":31},"end":{"line":7,"column":52}},"6":{"start":{"line":9,"column":1},"end":{"line":9,"column":24}},"7":{"start":{"line":9,"column":12},"end":{"line":9,"column":24}},"8":{"start":{"line":11,"column":1},"end":{"line":40,"column":3}},"9":{"start":{"line":21,"column":7},"end":{"line":22,"column":null}}},"fnMap":{"0":{"name":"UserProfile","decl":{"start":{"line":5,"column":16},"end":{"line":5,"column":27}},"loc":{"start":{"line":5,"column":27},"end":{"line":41,"column":1}}},"1":{"name":"(anonymous_1)","decl":{"start":{"line":20,"column":20},"end":{"line":20,"column":21}},"loc":{"start":{"line":21,"column":7},"end":{"line":22,"column":null}}}},"branchMap":{"0":{"loc":{"start":{"line":7,"column":43},"end":{"line":7,"column":51}},"type":"cond-expr","locations":[{"start":{"line":7,"column":47},"end":{"line":7,"column":49}},{"start":{"line":7,"column":43},"end":{"line":7,"column":51}}]},"1":{"loc":{"start":{"line":7,"column":43},"end":{"line":7,"column":49}},"type":"binary-expr","locations":[{"start":{"line":7,"column":43},"end":{"line":7,"column":49}},{"start":{"line":7,"column":43},"end":{"line":7,"column":49}}]},"2":{"loc":{"start":{"line":9,"column":1},"end":{"line":9,"column":24}},"type":"if","locations":[{"start":{"line":9,"column":1},"end":{"line":9,"column":24}}]},"3":{"loc":{"start":{"line":16,"column":5},"end":{"line":36,"column":null}},"type":"cond-expr","locations":[{"start":{"line":17,"column":5},"end":{"line":17,"column":61}},{"start":{"line":19,"column":5},"end":{"line":35,"column":null}}]}},"s":{"0":0,"1":0,"2":0,"3":0,"4":0,"5":0,"6":0,"7":0,"8":0,"9":0},"f":{"0":0,"1":0},"b":{"0":[0,0],"1":[0,0],"2":[0],"3":[0,0]}}
,"/Users/witsanupornpromsirinimit/Downloads/project 9/src/components/booking/BookingPage.tsx": {"path":"/Users/witsanupornpromsirinimit/Downloads/project 9/src/components/booking/BookingPage.tsx","statementMap":{"0":{"start":{"line":14,"column":0},"end":{"line":14,"column":16}},"1":{"start":{"line":1,"column":0},"end":{"line":1,"column":51}},"2":{"start":{"line":2,"column":0},"end":{"line":2,"column":58}},"3":{"start":{"line":3,"column":0},"end":{"line":3,"column":39}},"4":{"start":{"line":4,"column":0},"end":{"line":4,"column":54}},"5":{"start":{"line":5,"column":0},"end":{"line":5,"column":51}},"6":{"start":{"line":6,"column":0},"end":{"line":6,"column":49}},"7":{"start":{"line":7,"column":0},"end":{"line":7,"column":53}},"8":{"start":{"line":15,"column":16},"end":{"line":15,"column":27}},"9":{"start":{"line":16,"column":18},"end":{"line":16,"column":31}},"10":{"start":{"line":17,"column":43},"end":{"line":17,"column":82}},"11":{"start":{"line":18,"column":29},"end":{"line":18,"column":40}},"12":{"start":{"line":19,"column":39},"end":{"line":19,"column":54}},"13":{"start":{"line":21,"column":15},"end":{"line":21,"column":46}},"14":{"start":{"line":21,"column":34},"end":{"line":21,"column":45}},"15":{"start":{"line":23,"column":1},"end":{"line":27,"column":23}},"16":{"start":{"line":24,"column":2},"end":{"line":26,"column":3}},"17":{"start":{"line":25,"column":3},"end":{"line":25,"column":17}},"18":{"start":{"line":29,"column":1},"end":{"line":29,"column":25}},"19":{"start":{"line":29,"column":13},"end":{"line":29,"column":25}},"20":{"start":{"line":31,"column":21},"end":{"line":31,"column":41}},"21":{"start":{"line":33,"column":23},"end":{"line":36,"column":2}},"22":{"start":{"line":34,"column":2},"end":{"line":34,"column":21}},"23":{"start":{"line":35,"column":2},"end":{"line":35,"column":23}},"24":{"start":{"line":38,"column":30},"end":{"line":41,"column":2}},"25":{"start":{"line":40,"column":2},"end":{"line":40,"column":31}},"26":{"start":{"line":43,"column":28},"end":{"line":46,"column":2}},"27":{"start":{"line":44,"column":2},"end":{"line":44,"column":41}},"28":{"start":{"line":48,"column":1},"end":{"line":202,"column":3}},"29":{"start":{"line":140,"column":29},"end":{"line":140,"column":95}},"30":{"start":{"line":140,"column":56},"end":{"line":140,"column":94}},"31":{"start":{"line":154,"column":13},"end":{"line":154,"column":80}},"32":{"start":{"line":154,"column":40},"end":{"line":154,"column":79}},"33":{"start":{"line":170,"column":29},"end":{"line":170,"column":62}}},"fnMap":{"0":{"name":"BookingPage","decl":{"start":{"line":14,"column":16},"end":{"line":14,"column":27}},"loc":{"start":{"line":14,"column":56},"end":{"line":203,"column":1}}},"1":{"name":"(anonymous_1)","decl":{"start":{"line":21,"column":27},"end":{"line":21,"column":28}},"loc":{"start":{"line":21,"column":34},"end":{"line":21,"column":45}}},"2":{"name":"(anonymous_2)","decl":{"start":{"line":23,"column":11},"end":{"line":23,"column":14}},"loc":{"start":{"line":23,"column":16},"end":{"line":27,"column":2}}},"3":{"name":"(anonymous_3)","decl":{"start":{"line":33,"column":23},"end":{"line":33,"column":24}},"loc":{"start":{"line":33,"column":46},"end":{"line":36,"column":2}}},"4":{"name":"(anonymous_4)","decl":{"start":{"line":38,"column":30},"end":{"line":38,"column":33}},"loc":{"start":{"line":38,"column":35},"end":{"line":41,"column":2}}},"5":{"name":"(anonymous_5)","decl":{"start":{"line":43,"column":28},"end":{"line":43,"column":29}},"loc":{"start":{"line":43,"column":46},"end":{"line":46,"column":2}}},"6":{"name":"(anonymous_6)","decl":{"start":{"line":140,"column":22},"end":{"line":140,"column":23}},"loc":{"start":{"line":140,"column":29},"end":{"line":140,"column":95}}},"7":{"name":"(anonymous_7)","decl":{"start":{"line":140,"column":46},"end":{"line":140,"column":47}},"loc":{"start":{"line":140,"column":56},"end":{"line":140,"column":94}}},"8":{"name":"(anonymous_8)","decl":{"start":{"line":153,"column":22},"end":{"line":153,"column":23}},"loc":{"start":{"line":154,"column":13},"end":{"line":154,"column":80}}},"9":{"name":"(anonymous_9)","decl":{"start":{"line":154,"column":30},"end":{"line":154,"column":31}},"loc":{"start":{"line":154,"column":40},"end":{"line":154,"column":79}}},"10":{"name":"(anonymous_10)","decl":{"start":{"line":170,"column":22},"end":{"line":170,"column":23}},"loc":{"start":{"line":170,"column":29},"end":{"line":170,"column":62}}}},"branchMap":{"0":{"loc":{"start":{"line":24,"column":2},"end":{"line":26,"column":3}},"type":"if","locations":[{"start":{"line":24,"column":2},"end":{"line":26,"column":3}}]},"1":{"loc":{"start":{"line":29,"column":1},"end":{"line":29,"column":25}},"type":"if","locations":[{"start":{"line":29,"column":1},"end":{"line":29,"column":25}}]},"2":{"loc":{"start":{"line":118,"column":8},"end":{"line":195,"column":null}},"type":"cond-expr","locations":[{"start":{"line":119,"column":8},"end":{"line":186,"column":null}},{"start":{"line":189,"column":8},"end":{"line":194,"column":null}}]}},"s":{"0":0,"1":0,"2":0,"3":0,"4":0,"5":0,"6":0,"7":0,"8":0,"9":0,"10":0,"11":0,"12":0,"13":0,"14":0,"15":0,"16":0,"17":0,"18":0,"19":0,"20":0,"21":0,"22":0,"23":0,"24":0,"25":0,"26":0,"27":0,"28":0,"29":0,"30":0,"31":0,"32":0,"33":0},"f":{"0":0,"1":0,"2":0,"3":0,"4":0,"5":0,"6":0,"7":0,"8":0,"9":0,"10":0},"b":{"0":[0],"1":[0],"2":[0,0]}}
,"/Users/witsanupornpromsirinimit/Downloads/project 9/src/components/booking/BookingSuccess.tsx": {"path":"/Users/witsanupornpromsirinimit/Downloads/project 9/src/components/booking/BookingSuccess.tsx","statementMap":{"0":{"start":{"line":5,"column":0},"end":{"line":5,"column":16}},"1":{"start":{"line":1,"column":0},"end":{"line":1,"column":39}},"2":{"start":{"line":2,"column":0},"end":{"line":2,"column":54}},"3":{"start":{"line":3,"column":0},"end":{"line":3,"column":40}},"4":{"start":{"line":6,"column":1},"end":{"line":32,"column":3}}},"fnMap":{"0":{"name":"BookingSuccess","decl":{"start":{"line":5,"column":16},"end":{"line":5,"column":30}},"loc":{"start":{"line":5,"column":30},"end":{"line":33,"column":1}}}},"branchMap":{},"s":{"0":0,"1":0,"2":0,"3":0,"4":0},"f":{"0":0},"b":{}}
,"/Users/witsanupornpromsirinimit/Downloads/project 9/src/components/payment/PaymentForm.tsx": {"path":"/Users/witsanupornpromsirinimit/Downloads/project 9/src/components/payment/PaymentForm.tsx","statementMap":{"0":{"start":{"line":15,"column":0},"end":{"line":15,"column":16}},"1":{"start":{"line":1,"column":0},"end":{"line":1,"column":40}},"2":{"start":{"line":2,"column":0},"end":{"line":2,"column":39}},"3":{"start":{"line":3,"column":0},"end":{"line":3,"column":48}},"4":{"start":{"line":4,"column":0},"end":{"line":4,"column":78}},"5":{"start":{"line":16,"column":16},"end":{"line":16,"column":27}},"6":{"start":{"line":17,"column":18},"end":{"line":17,"column":31}},"7":{"start":{"line":18,"column":31},"end":{"line":18,"column":46}},"8":{"start":{"line":19,"column":35},"end":{"line":19,"column":64}},"9":{"start":{"line":21,"column":26},"end":{"line":23,"column":2}},"10":{"start":{"line":22,"column":2},"end":{"line":22,"column":57}},"11":{"start":{"line":25,"column":22},"end":{"line":53,"column":3}},"12":{"start":{"line":25,"column":55},"end":{"line":53,"column":3}},"13":{"start":{"line":26,"column":2},"end":{"line":26,"column":25}},"14":{"start":{"line":28,"column":2},"end":{"line":30,"column":3}},"15":{"start":{"line":29,"column":3},"end":{"line":29,"column":10}},"16":{"start":{"line":32,"column":2},"end":{"line":32,"column":19}},"17":{"start":{"line":34,"column":2},"end":{"line":52,"column":3}},"18":{"start":{"line":35,"column":35},"end":{"line":40,"column":5}},"19":{"start":{"line":42,"column":3},"end":{"line":44,"column":4}},"20":{"start":{"line":43,"column":4},"end":{"line":43,"column":54}},"21":{"start":{"line":49,"column":3},"end":{"line":49,"column":43}},"22":{"start":{"line":51,"column":3},"end":{"line":51,"column":21}},"23":{"start":{"line":55,"column":1},"end":{"line":116,"column":3}}},"fnMap":{"0":{"name":"PaymentForm","decl":{"start":{"line":15,"column":16},"end":{"line":15,"column":27}},"loc":{"start":{"line":15,"column":65},"end":{"line":117,"column":1}}},"1":{"name":"(anonymous_8)","decl":{"start":{"line":21,"column":26},"end":{"line":21,"column":27}},"loc":{"start":{"line":21,"column":66},"end":{"line":23,"column":2}}},"2":{"name":"(anonymous_9)","decl":{"start":{"line":25,"column":22},"end":{"line":25,"column":29}},"loc":{"start":{"line":25,"column":55},"end":{"line":53,"column":3}}},"3":{"name":"(anonymous_10)","decl":{"start":{"line":25,"column":55},"end":{"line":25,"column":null}},"loc":{"start":{"line":25,"column":55},"end":{"line":53,"column":2}}}},"branchMap":{"0":{"loc":{"start":{"line":22,"column":15},"end":{"line":22,"column":55}},"type":"cond-expr","locations":[{"start":{"line":22,"column":29},"end":{"line":22,"column":48}},{"start":{"line":22,"column":51},"end":{"line":22,"column":55}}]},"1":{"loc":{"start":{"line":28,"column":2},"end":{"line":30,"column":3}},"type":"if","locations":[{"start":{"line":28,"column":2},"end":{"line":30,"column":3}}]},"2":{"loc":{"start":{"line":28,"column":6},"end":{"line":28,"column":26}},"type":"binary-expr","locations":[{"start":{"line":28,"column":6},"end":{"line":28,"column":13}},{"start":{"line":28,"column":17},"end":{"line":28,"column":26}}]},"3":{"loc":{"start":{"line":42,"column":3},"end":{"line":44,"column":4}},"type":"if","locations":[{"start":{"line":42,"column":3},"end":{"line":44,"column":4}}]},"4":{"loc":{"start":{"line":43,"column":12},"end":{"line":43,"column":52}},"type":"binary-expr","locations":[{"start":{"line":43,"column":12},"end":{"line":43,"column":32}},{"start":{"line":43,"column":36},"end":{"line":43,"column":52}}]},"5":{"loc":{"start":{"line":93,"column":7},"end":{"line":93,"column":76}},"type":"binary-expr","locations":[{"start":{"line":93,"column":7},"end":{"line":93,"column":16}},{"start":{"line":93,"column":20},"end":{"line":93,"column":76}}]},"6":{"loc":{"start":{"line":105,"column":15},"end":{"line":105,"column":33}},"type":"binary-expr","locations":[{"start":{"line":105,"column":15},"end":{"line":105,"column":22}},{"start":{"line":105,"column":26},"end":{"line":105,"column":33}}]},"7":{"loc":{"start":{"line":107,"column":6},"end":{"line":107,"column":null}},"type":"cond-expr","locations":[{"start":{"line":107,"column":16},"end":{"line":107,"column":47}},{"start":{"line":107,"column":50},"end":{"line":107,"column":null}}]},"8":{"loc":{"start":{"line":112,"column":6},"end":{"line":112,"column":43}},"type":"cond-expr","locations":[{"start":{"line":112,"column":16},"end":{"line":112,"column":31}},{"start":{"line":112,"column":34},"end":{"line":112,"column":43}}]}},"s":{"0":0,"1":0,"2":0,"3":0,"4":0,"5":0,"6":0,"7":0,"8":0,"9":0,"10":0,"11":0,"12":0,"13":0,"14":0,"15":0,"16":0,"17":0,"18":0,"19":0,"20":0,"21":0,"22":0,"23":0},"f":{"0":0,"1":0,"2":0,"3":0},"b":{"0":[0,0],"1":[0],"2":[0,0],"3":[0],"4":[0,0],"5":[0,0],"6":[0,0],"7":[0,0],"8":[0,0]}}
,"/Users/witsanupornpromsirinimit/Downloads/project 9/src/components/search/SearchBar.tsx": {"path":"/Users/witsanupornpromsirinimit/Downloads/project 9/src/components/search/SearchBar.tsx","statementMap":{"0":{"start":{"line":11,"column":0},"end":{"line":11,"column":16}},"1":{"start":{"line":2,"column":0},"end":{"line":2,"column":39}},"2":{"start":{"line":3,"column":0},"end":{"line":3,"column":55}},"3":{"start":{"line":4,"column":0},"end":{"line":4,"column":62}},"4":{"start":{"line":12,"column":47},"end":{"line":12,"column":64}},"5":{"start":{"line":14,"column":23},"end":{"line":17,"column":3}},"6":{"start":{"line":15,"column":4},"end":{"line":15,"column":23}},"7":{"start":{"line":16,"column":4},"end":{"line":16,"column":47}},"8":{"start":{"line":19,"column":2},"end":{"line":76,"column":4}},"9":{"start":{"line":34,"column":29},"end":{"line":34,"column":53}},"10":{"start":{"line":43,"column":29},"end":{"line":43,"column":76}},"11":{"start":{"line":52,"column":29},"end":{"line":52,"column":77}},"12":{"start":{"line":62,"column":29},"end":{"line":62,"column":83}}},"fnMap":{"0":{"name":"SearchBar","decl":{"start":{"line":11,"column":16},"end":{"line":11,"column":25}},"loc":{"start":{"line":11,"column":61},"end":{"line":77,"column":1}}},"1":{"name":"(anonymous_1)","decl":{"start":{"line":14,"column":23},"end":{"line":14,"column":24}},"loc":{"start":{"line":14,"column":46},"end":{"line":17,"column":3}}},"2":{"name":"(anonymous_2)","decl":{"start":{"line":34,"column":22},"end":{"line":34,"column":23}},"loc":{"start":{"line":34,"column":29},"end":{"line":34,"column":53}}},"3":{"name":"(anonymous_3)","decl":{"start":{"line":43,"column":22},"end":{"line":43,"column":23}},"loc":{"start":{"line":43,"column":29},"end":{"line":43,"column":76}}},"4":{"name":"(anonymous_4)","decl":{"start":{"line":52,"column":22},"end":{"line":52,"column":23}},"loc":{"start":{"line":52,"column":29},"end":{"line":52,"column":77}}},"5":{"name":"(anonymous_5)","decl":{"start":{"line":62,"column":22},"end":{"line":62,"column":23}},"loc":{"start":{"line":62,"column":29},"end":{"line":62,"column":83}}}},"branchMap":{},"s":{"0":0,"1":0,"2":0,"3":0,"4":0,"5":0,"6":0,"7":0,"8":0,"9":0,"10":0,"11":0,"12":0},"f":{"0":0,"1":0,"2":0,"3":0,"4":0,"5":0},"b":{}}
,"/Users/witsanupornpromsirinimit/Downloads/project 9/src/config/api.ts": {"path":"/Users/witsanupornpromsirinimit/Downloads/project 9/src/config/api.ts","statementMap":{"0":{"start":{"line":1,"column":13},"end":{"line":4,"column":2}}},"fnMap":{},"branchMap":{},"s":{"0":1},"f":{},"b":{}}
,"/Users/witsanupornpromsirinimit/Downloads/project 9/src/hooks/useAuth.ts": {"path":"/Users/witsanupornpromsirinimit/Downloads/project 9/src/hooks/useAuth.ts","statementMap":{"0":{"start":{"line":4,"column":0},"end":{"line":4,"column":16}},"1":{"start":{"line":1,"column":0},"end":{"line":1,"column":57}},"2":{"start":{"line":5,"column":26},"end":{"line":8,"column":4}},"3":{"start":{"line":6,"column":22},"end":{"line":6,"column":50}},"4":{"start":{"line":7,"column":4},"end":{"line":7,"column":52}},"5":{"start":{"line":9,"column":28},"end":{"line":9,"column":57}},"6":{"start":{"line":11,"column":2},"end":{"line":17,"column":13}},"7":{"start":{"line":12,"column":4},"end":{"line":16,"column":5}},"8":{"start":{"line":13,"column":6},"end":{"line":13,"column":57}},"9":{"start":{"line":15,"column":6},"end":{"line":15,"column":38}},"10":{"start":{"line":19,"column":16},"end":{"line":35,"column":8}},"11":{"start":{"line":19,"column":70},"end":{"line":35,"column":5}},"12":{"start":{"line":20,"column":4},"end":{"line":34,"column":5}},"13":{"start":{"line":21,"column":20},"end":{"line":21,"column":69}},"14":{"start":{"line":22,"column":24},"end":{"line":22,"column":92}},"15":{"start":{"line":22,"column":47},"end":{"line":22,"column":91}},"16":{"start":{"line":24,"column":6},"end":{"line":29,"column":7}},"17":{"start":{"line":25,"column":56},"end":{"line":25,"column":65}},"18":{"start":{"line":25,"column":51},"end":{"line":25,"column":56}},"19":{"start":{"line":26,"column":8},"end":{"line":26,"column":37}},"20":{"start":{"line":27,"column":8},"end":{"line":27,"column":23}},"21":{"start":{"line":28,"column":8},"end":{"line":28,"column":20}},"22":{"start":{"line":30,"column":6},"end":{"line":30,"column":45}},"23":{"start":{"line":32,"column":6},"end":{"line":32,"column":68}},"24":{"start":{"line":33,"column":6},"end":{"line":33,"column":19}},"25":{"start":{"line":37,"column":17},"end":{"line":63,"column":8}},"26":{"start":{"line":37,"column":71},"end":{"line":63,"column":5}},"27":{"start":{"line":38,"column":4},"end":{"line":62,"column":5}},"28":{"start":{"line":39,"column":20},"end":{"line":39,"column":69}},"29":{"start":{"line":41,"column":6},"end":{"line":43,"column":7}},"30":{"start":{"line":41,"column":33},"end":{"line":41,"column":50}},"31":{"start":{"line":42,"column":8},"end":{"line":42,"column":48}},"32":{"start":{"line":45,"column":22},"end":{"line":50,"column":8}},"33":{"start":{"line":52,"column":6},"end":{"line":52,"column":26}},"34":{"start":{"line":53,"column":6},"end":{"line":53,"column":59}},"35":{"start":{"line":55,"column":54},"end":{"line":55,"column":61}},"36":{"start":{"line":55,"column":49},"end":{"line":55,"column":54}},"37":{"start":{"line":56,"column":6},"end":{"line":56,"column":35}},"38":{"start":{"line":57,"column":6},"end":{"line":57,"column":21}},"39":{"start":{"line":58,"column":6},"end":{"line":58,"column":18}},"40":{"start":{"line":60,"column":6},"end":{"line":60,"column":69}},"41":{"start":{"line":61,"column":6},"end":{"line":61,"column":19}},"42":{"start":{"line":65,"column":17},"end":{"line":68,"column":8}},"43":{"start":{"line":66,"column":4},"end":{"line":66,"column":18}},"44":{"start":{"line":67,"column":4},"end":{"line":67,"column":19}},"45":{"start":{"line":70,"column":2},"end":{"line":70,"column":48}}},"fnMap":{"0":{"name":"useAuth","decl":{"start":{"line":4,"column":16},"end":{"line":4,"column":23}},"loc":{"start":{"line":4,"column":23},"end":{"line":71,"column":1}}},"1":{"name":"(anonymous_9)","decl":{"start":{"line":5,"column":48},"end":{"line":5,"column":51}},"loc":{"start":{"line":5,"column":53},"end":{"line":8,"column":3}}},"2":{"name":"(anonymous_10)","decl":{"start":{"line":11,"column":12},"end":{"line":11,"column":15}},"loc":{"start":{"line":11,"column":17},"end":{"line":17,"column":3}}},"3":{"name":"(anonymous_11)","decl":{"start":{"line":19,"column":28},"end":{"line":19,"column":35}},"loc":{"start":{"line":19,"column":70},"end":{"line":35,"column":5}}},"4":{"name":"(anonymous_12)","decl":{"start":{"line":19,"column":70},"end":{"line":19,"column":null}},"loc":{"start":{"line":19,"column":70},"end":{"line":35,"column":3}}},"5":{"name":"(anonymous_13)","decl":{"start":{"line":22,"column":35},"end":{"line":22,"column":36}},"loc":{"start":{"line":22,"column":47},"end":{"line":22,"column":91}}},"6":{"name":"(anonymous_14)","decl":{"start":{"line":37,"column":29},"end":{"line":37,"column":36}},"loc":{"start":{"line":37,"column":71},"end":{"line":63,"column":5}}},"7":{"name":"(anonymous_15)","decl":{"start":{"line":37,"column":71},"end":{"line":37,"column":null}},"loc":{"start":{"line":37,"column":71},"end":{"line":63,"column":3}}},"8":{"name":"(anonymous_16)","decl":{"start":{"line":41,"column":21},"end":{"line":41,"column":22}},"loc":{"start":{"line":41,"column":33},"end":{"line":41,"column":50}}},"9":{"name":"(anonymous_17)","decl":{"start":{"line":65,"column":29},"end":{"line":65,"column":32}},"loc":{"start":{"line":65,"column":34},"end":{"line":68,"column":3}}}},"branchMap":{"0":{"loc":{"start":{"line":7,"column":11},"end":{"line":7,"column":51}},"type":"cond-expr","locations":[{"start":{"line":7,"column":23},"end":{"line":7,"column":44}},{"start":{"line":7,"column":47},"end":{"line":7,"column":51}}]},"1":{"loc":{"start":{"line":12,"column":4},"end":{"line":16,"column":5}},"type":"if","locations":[{"start":{"line":12,"column":4},"end":{"line":16,"column":5}},{"start":{"line":14,"column":11},"end":{"line":16,"column":5}}]},"2":{"loc":{"start":{"line":21,"column":31},"end":{"line":21,"column":68}},"type":"binary-expr","locations":[{"start":{"line":21,"column":31},"end":{"line":21,"column":60}},{"start":{"line":21,"column":64},"end":{"line":21,"column":68}}]},"3":{"loc":{"start":{"line":22,"column":47},"end":{"line":22,"column":91}},"type":"binary-expr","locations":[{"start":{"line":22,"column":47},"end":{"line":22,"column":64}},{"start":{"line":22,"column":68},"end":{"line":22,"column":91}}]},"4":{"loc":{"start":{"line":24,"column":6},"end":{"line":29,"column":7}},"type":"if","locations":[{"start":{"line":24,"column":6},"end":{"line":29,"column":7}}]},"5":{"loc":{"start":{"line":32,"column":15},"end":{"line":32,"column":66}},"type":"cond-expr","locations":[{"start":{"line":32,"column":38},"end":{"line":32,"column":49}},{"start":{"line":32,"column":52},"end":{"line":32,"column":66}}]},"6":{"loc":{"start":{"line":39,"column":31},"end":{"line":39,"column":68}},"type":"binary-expr","locations":[{"start":{"line":39,"column":31},"end":{"line":39,"column":60}},{"start":{"line":39,"column":64},"end":{"line":39,"column":68}}]},"7":{"loc":{"start":{"line":41,"column":6},"end":{"line":43,"column":7}},"type":"if","locations":[{"start":{"line":41,"column":6},"end":{"line":43,"column":7}}]},"8":{"loc":{"start":{"line":60,"column":15},"end":{"line":60,"column":67}},"type":"cond-expr","locations":[{"start":{"line":60,"column":38},"end":{"line":60,"column":49}},{"start":{"line":60,"column":52},"end":{"line":60,"column":67}}]}},"s":{"0":1,"1":1,"2":0,"3":0,"4":0,"5":0,"6":0,"7":0,"8":0,"9":0,"10":0,"11":0,"12":0,"13":0,"14":0,"15":0,"16":0,"17":0,"18":0,"19":0,"20":0,"21":0,"22":0,"23":0,"24":0,"25":0,"26":0,"27":0,"28":0,"29":0,"30":0,"31":0,"32":0,"33":0,"34":0,"35":0,"36":0,"37":0,"38":0,"39":0,"40":0,"41":0,"42":0,"43":0,"44":0,"45":0},"f":{"0":0,"1":0,"2":0,"3":0,"4":0,"5":0,"6":0,"7":0,"8":0,"9":0},"b":{"0":[0,0],"1":[0,0],"2":[0,0],"3":[0,0],"4":[0],"5":[0,0],"6":[0,0],"7":[0],"8":[0,0]}}
,"/Users/witsanupornpromsirinimit/Downloads/project 9/src/hooks/useBookings.ts": {"path":"/Users/witsanupornpromsirinimit/Downloads/project 9/src/hooks/useBookings.ts","statementMap":{"0":{"start":{"line":4,"column":0},"end":{"line":4,"column":16}},"1":{"start":{"line":1,"column":0},"end":{"line":1,"column":44}},"2":{"start":{"line":5,"column":34},"end":{"line":5,"column":57}},"3":{"start":{"line":6,"column":32},"end":{"line":6,"column":46}},"4":{"start":{"line":8,"column":2},"end":{"line":26,"column":15}},"5":{"start":{"line":9,"column":4},"end":{"line":13,"column":5}},"6":{"start":{"line":10,"column":6},"end":{"line":10,"column":22}},"7":{"start":{"line":11,"column":6},"end":{"line":11,"column":24}},"8":{"start":{"line":12,"column":6},"end":{"line":12,"column":13}},"9":{"start":{"line":15,"column":4},"end":{"line":25,"column":5}},"10":{"start":{"line":16,"column":29},"end":{"line":16,"column":61}},"11":{"start":{"line":17,"column":37},"end":{"line":17,"column":85}},"12":{"start":{"line":18,"column":27},"end":{"line":18,"column":83}},"13":{"start":{"line":18,"column":57},"end":{"line":18,"column":82}},"14":{"start":{"line":19,"column":6},"end":{"line":19,"column":32}},"15":{"start":{"line":21,"column":6},"end":{"line":21,"column":54}},"16":{"start":{"line":22,"column":6},"end":{"line":22,"column":22}},"17":{"start":{"line":24,"column":6},"end":{"line":24,"column":24}},"18":{"start":{"line":28,"column":21},"end":{"line":48,"column":4}},"19":{"start":{"line":28,"column":74},"end":{"line":48,"column":4}},"20":{"start":{"line":29,"column":4},"end":{"line":47,"column":5}},"21":{"start":{"line":30,"column":29},"end":{"line":30,"column":61}},"22":{"start":{"line":31,"column":37},"end":{"line":31,"column":85}},"23":{"start":{"line":33,"column":22},"end":{"line":36,"column":null}},"24":{"start":{"line":39,"column":6},"end":{"line":39,"column":35}},"25":{"start":{"line":40,"column":6},"end":{"line":40,"column":68}},"26":{"start":{"line":42,"column":6},"end":{"line":42,"column":49}},"27":{"start":{"line":42,"column":26},"end":{"line":42,"column":47}},"28":{"start":{"line":43,"column":6},"end":{"line":43,"column":18}},"29":{"start":{"line":45,"column":6},"end":{"line":45,"column":52}},"30":{"start":{"line":46,"column":6},"end":{"line":46,"column":19}},"31":{"start":{"line":50,"column":2},"end":{"line":50,"column":43}}},"fnMap":{"0":{"name":"useBookings","decl":{"start":{"line":4,"column":16},"end":{"line":4,"column":27}},"loc":{"start":{"line":4,"column":54},"end":{"line":51,"column":1}}},"1":{"name":"(anonymous_8)","decl":{"start":{"line":8,"column":12},"end":{"line":8,"column":15}},"loc":{"start":{"line":8,"column":17},"end":{"line":26,"column":3}}},"2":{"name":"(anonymous_9)","decl":{"start":{"line":18,"column":46},"end":{"line":18,"column":53}},"loc":{"start":{"line":18,"column":57},"end":{"line":18,"column":82}}},"3":{"name":"(anonymous_10)","decl":{"start":{"line":28,"column":21},"end":{"line":28,"column":28}},"loc":{"start":{"line":28,"column":74},"end":{"line":48,"column":4}}},"4":{"name":"(anonymous_11)","decl":{"start":{"line":28,"column":74},"end":{"line":28,"column":null}},"loc":{"start":{"line":28,"column":74},"end":{"line":48,"column":3}}},"5":{"name":"(anonymous_12)","decl":{"start":{"line":42,"column":18},"end":{"line":42,"column":22}},"loc":{"start":{"line":42,"column":26},"end":{"line":42,"column":47}}}},"branchMap":{"0":{"loc":{"start":{"line":9,"column":4},"end":{"line":13,"column":5}},"type":"if","locations":[{"start":{"line":9,"column":4},"end":{"line":13,"column":5}}]},"1":{"loc":{"start":{"line":17,"column":37},"end":{"line":17,"column":85}},"type":"cond-expr","locations":[{"start":{"line":17,"column":54},"end":{"line":17,"column":80}},{"start":{"line":17,"column":83},"end":{"line":17,"column":85}}]},"2":{"loc":{"start":{"line":31,"column":37},"end":{"line":31,"column":85}},"type":"cond-expr","locations":[{"start":{"line":31,"column":54},"end":{"line":31,"column":80}},{"start":{"line":31,"column":83},"end":{"line":31,"column":85}}]}},"s":{"0":0,"1":0,"2":0,"3":0,"4":0,"5":0,"6":0,"7":0,"8":0,"9":0,"10":0,"11":0,"12":0,"13":0,"14":0,"15":0,"16":0,"17":0,"18":0,"19":0,"20":0,"21":0,"22":0,"23":0,"24":0,"25":0,"26":0,"27":0,"28":0,"29":0,"30":0,"31":0},"f":{"0":0,"1":0,"2":0,"3":0,"4":0,"5":0},"b":{"0":[0],"1":[0,0],"2":[0,0]}}
,"/Users/witsanupornpromsirinimit/Downloads/project 9/src/hooks/usePlaces.ts": {"path":"/Users/witsanupornpromsirinimit/Downloads/project 9/src/hooks/usePlaces.ts","statementMap":{"0":{"start":{"line":6,"column":0},"end":{"line":6,"column":16}},"1":{"start":{"line":1,"column":0},"end":{"line":1,"column":44}},"2":{"start":{"line":2,"column":0},"end":{"line":2,"column":43}},"3":{"start":{"line":4,"column":0},"end":{"line":4,"column":57}},"4":{"start":{"line":7,"column":29},"end":{"line":7,"column":50}},"5":{"start":{"line":8,"column":31},"end":{"line":8,"column":45}},"6":{"start":{"line":9,"column":27},"end":{"line":9,"column":56}},"7":{"start":{"line":11,"column":1},"end":{"line":13,"column":8}},"8":{"start":{"line":12,"column":2},"end":{"line":12,"column":16}},"9":{"start":{"line":15,"column":21},"end":{"line":54,"column":3}},"10":{"start":{"line":15,"column":32},"end":{"line":54,"column":3}},"11":{"start":{"line":16,"column":2},"end":{"line":53,"column":3}},"12":{"start":{"line":17,"column":18},"end":{"line":22,"column":5}},"13":{"start":{"line":24,"column":20},"end":{"line":24,"column":76}},"14":{"start":{"line":26,"column":3},"end":{"line":28,"column":4}},"15":{"start":{"line":27,"column":4},"end":{"line":27,"column":46}},"16":{"start":{"line":30,"column":16},"end":{"line":30,"column":37}},"17":{"start":{"line":31,"column":29},"end":{"line":31,"column":103}},"18":{"start":{"line":31,"column":73},"end":{"line":31,"column":102}},"19":{"start":{"line":33,"column":3},"end":{"line":33,"column":32}},"20":{"start":{"line":35,"column":3},"end":{"line":35,"column":48}},"21":{"start":{"line":36,"column":3},"end":{"line":36,"column":38}},"22":{"start":{"line":38,"column":3},"end":{"line":50,"column":6}},"23":{"start":{"line":52,"column":3},"end":{"line":52,"column":21}},"24":{"start":{"line":56,"column":1},"end":{"line":56,"column":35}}},"fnMap":{"0":{"name":"usePlaces","decl":{"start":{"line":6,"column":16},"end":{"line":6,"column":25}},"loc":{"start":{"line":6,"column":25},"end":{"line":57,"column":1}}},"1":{"name":"(anonymous_8)","decl":{"start":{"line":11,"column":11},"end":{"line":11,"column":14}},"loc":{"start":{"line":11,"column":16},"end":{"line":13,"column":2}}},"2":{"name":"(anonymous_9)","decl":{"start":{"line":15,"column":21},"end":{"line":15,"column":30}},"loc":{"start":{"line":15,"column":32},"end":{"line":54,"column":3}}},"3":{"name":"(anonymous_10)","decl":{"start":{"line":15,"column":32},"end":{"line":15,"column":null}},"loc":{"start":{"line":15,"column":32},"end":{"line":54,"column":2}}},"4":{"name":"(anonymous_11)","decl":{"start":{"line":31,"column":47},"end":{"line":31,"column":48}},"loc":{"start":{"line":31,"column":73},"end":{"line":31,"column":102}}}},"branchMap":{"0":{"loc":{"start":{"line":26,"column":3},"end":{"line":28,"column":4}},"type":"if","locations":[{"start":{"line":26,"column":3},"end":{"line":28,"column":4}}]}},"s":{"0":1,"1":1,"2":1,"3":1,"4":0,"5":0,"6":0,"7":0,"8":0,"9":0,"10":0,"11":0,"12":0,"13":0,"14":0,"15":0,"16":0,"17":0,"18":0,"19":0,"20":0,"21":0,"22":0,"23":0,"24":0},"f":{"0":0,"1":0,"2":0,"3":0,"4":0},"b":{"0":[0]}}
,"/Users/witsanupornpromsirinimit/Downloads/project 9/src/hooks/useQuery.ts": {"path":"/Users/witsanupornpromsirinimit/Downloads/project 9/src/hooks/useQuery.ts","statementMap":{"0":{"start":{"line":9,"column":0},"end":{"line":9,"column":16}},"1":{"start":{"line":1,"column":0},"end":{"line":1,"column":46}},"2":{"start":{"line":10,"column":26},"end":{"line":10,"column":50}},"3":{"start":{"line":11,"column":32},"end":{"line":11,"column":47}},"4":{"start":{"line":12,"column":28},"end":{"line":12,"column":56}},"5":{"start":{"line":14,"column":18},"end":{"line":29,"column":35}},"6":{"start":{"line":14,"column":41},"end":{"line":29,"column":5}},"7":{"start":{"line":15,"column":4},"end":{"line":15,"column":21}},"8":{"start":{"line":16,"column":4},"end":{"line":16,"column":19}},"9":{"start":{"line":18,"column":4},"end":{"line":28,"column":5}},"10":{"start":{"line":19,"column":21},"end":{"line":19,"column":36}},"11":{"start":{"line":20,"column":6},"end":{"line":20,"column":22}},"12":{"start":{"line":21,"column":6},"end":{"line":21,"column":26}},"13":{"start":{"line":23,"column":20},"end":{"line":23,"column":79}},"14":{"start":{"line":24,"column":6},"end":{"line":24,"column":22}},"15":{"start":{"line":25,"column":6},"end":{"line":25,"column":23}},"16":{"start":{"line":27,"column":6},"end":{"line":27,"column":24}},"17":{"start":{"line":31,"column":2},"end":{"line":31,"column":43}}},"fnMap":{"0":{"name":"useQuery","decl":{"start":{"line":9,"column":16},"end":{"line":9,"column":24}},"loc":{"start":{"line":9,"column":79},"end":{"line":32,"column":1}}},"1":{"name":"(anonymous_8)","decl":{"start":{"line":14,"column":30},"end":{"line":14,"column":39}},"loc":{"start":{"line":14,"column":41},"end":{"line":29,"column":5}}},"2":{"name":"(anonymous_9)","decl":{"start":{"line":14,"column":41},"end":{"line":14,"column":null}},"loc":{"start":{"line":14,"column":41},"end":{"line":29,"column":3}}}},"branchMap":{"0":{"loc":{"start":{"line":21,"column":6},"end":{"line":21,"column":25}},"type":"cond-expr","locations":[{"start":{"line":21,"column":15},"end":{"line":21,"column":18}},{"start":{"line":21,"column":6},"end":{"line":21,"column":25}}]},"1":{"loc":{"start":{"line":21,"column":6},"end":{"line":21,"column":18}},"type":"binary-expr","locations":[{"start":{"line":21,"column":6},"end":{"line":21,"column":18}},{"start":{"line":21,"column":6},"end":{"line":21,"column":18}}]},"2":{"loc":{"start":{"line":23,"column":20},"end":{"line":23,"column":79}},"type":"cond-expr","locations":[{"start":{"line":23,"column":43},"end":{"line":23,"column":46}},{"start":{"line":23,"column":49},"end":{"line":23,"column":79}}]},"3":{"loc":{"start":{"line":25,"column":6},"end":{"line":25,"column":22}},"type":"cond-expr","locations":[{"start":{"line":25,"column":13},"end":{"line":25,"column":16}},{"start":{"line":25,"column":6},"end":{"line":25,"column":22}}]},"4":{"loc":{"start":{"line":25,"column":6},"end":{"line":25,"column":16}},"type":"binary-expr","locations":[{"start":{"line":25,"column":6},"end":{"line":25,"column":16}},{"start":{"line":25,"column":6},"end":{"line":25,"column":16}}]}},"s":{"0":0,"1":0,"2":0,"3":0,"4":0,"5":0,"6":0,"7":0,"8":0,"9":0,"10":0,"11":0,"12":0,"13":0,"14":0,"15":0,"16":0,"17":0},"f":{"0":0,"1":0,"2":0},"b":{"0":[0,0],"1":[0,0],"2":[0,0],"3":[0,0],"4":[0,0]}}
,"/Users/witsanupornpromsirinimit/Downloads/project 9/src/hooks/useSearch.ts": {"path":"/Users/witsanupornpromsirinimit/Downloads/project 9/src/hooks/useSearch.ts","statementMap":{"0":{"start":{"line":6,"column":0},"end":{"line":6,"column":16}},"1":{"start":{"line":1,"column":0},"end":{"line":1,"column":46}},"2":{"start":{"line":5,"column":0},"end":{"line":5,"column":52}},"3":{"start":{"line":7,"column":27},"end":{"line":7,"column":39}},"4":{"start":{"line":8,"column":39},"end":{"line":8,"column":51}},"5":{"start":{"line":10,"column":45},"end":{"line":10,"column":66}},"6":{"start":{"line":11,"column":26},"end":{"line":11,"column":43}},"7":{"start":{"line":13,"column":22},"end":{"line":23,"column":null}},"8":{"start":{"line":15,"column":3},"end":{"line":15,"column":42}},"9":{"start":{"line":15,"column":28},"end":{"line":15,"column":42}},"10":{"start":{"line":17,"column":3},"end":{"line":21,"column":5}},"11":{"start":{"line":19,"column":5},"end":{"line":20,"column":69}},"12":{"start":{"line":26,"column":22},"end":{"line":31,"column":null}},"13":{"start":{"line":28,"column":3},"end":{"line":28,"column":25}},"14":{"start":{"line":29,"column":3},"end":{"line":29,"column":43}},"15":{"start":{"line":36,"column":1},"end":{"line":41,"column":3}}},"fnMap":{"0":{"name":"useSearch","decl":{"start":{"line":6,"column":16},"end":{"line":6,"column":25}},"loc":{"start":{"line":6,"column":25},"end":{"line":42,"column":1}}},"1":{"name":"(anonymous_1)","decl":{"start":{"line":14,"column":2},"end":{"line":14,"column":3}},"loc":{"start":{"line":14,"column":22},"end":{"line":22,"column":3}}},"2":{"name":"(anonymous_2)","decl":{"start":{"line":18,"column":4},"end":{"line":18,"column":5}},"loc":{"start":{"line":19,"column":5},"end":{"line":20,"column":69}}},"3":{"name":"(anonymous_3)","decl":{"start":{"line":27,"column":2},"end":{"line":27,"column":3}},"loc":{"start":{"line":27,"column":22},"end":{"line":30,"column":3}}}},"branchMap":{"0":{"loc":{"start":{"line":15,"column":3},"end":{"line":15,"column":42}},"type":"if","locations":[{"start":{"line":15,"column":3},"end":{"line":15,"column":42}}]},"1":{"loc":{"start":{"line":19,"column":5},"end":{"line":20,"column":69}},"type":"binary-expr","locations":[{"start":{"line":19,"column":5},"end":{"line":19,"column":79}},{"start":{"line":20,"column":5},"end":{"line":20,"column":69}}]}},"s":{"0":0,"1":0,"2":0,"3":0,"4":0,"5":0,"6":0,"7":0,"8":0,"9":0,"10":0,"11":0,"12":0,"13":0,"14":0,"15":0},"f":{"0":0,"1":0,"2":0,"3":0},"b":{"0":[0],"1":[0,0]}}
,"/Users/witsanupornpromsirinimit/Downloads/project 9/src/hooks/useSearchParams.ts": {"path":"/Users/witsanupornpromsirinimit/Downloads/project 9/src/hooks/useSearchParams.ts","statementMap":{"0":{"start":{"line":3,"column":0},"end":{"line":3,"column":16}},"1":{"start":{"line":1,"column":0},"end":{"line":1,"column":44}},"2":{"start":{"line":4,"column":42},"end":{"line":9,"column":4}},"3":{"start":{"line":11,"column":2},"end":{"line":19,"column":9}},"4":{"start":{"line":12,"column":19},"end":{"line":12,"column":62}},"5":{"start":{"line":13,"column":4},"end":{"line":18,"column":7}},"6":{"start":{"line":21,"column":29},"end":{"line":32,"column":3}},"7":{"start":{"line":22,"column":19},"end":{"line":22,"column":62}},"8":{"start":{"line":23,"column":4},"end":{"line":29,"column":7}},"9":{"start":{"line":24,"column":6},"end":{"line":28,"column":7}},"10":{"start":{"line":25,"column":8},"end":{"line":25,"column":39}},"11":{"start":{"line":27,"column":8},"end":{"line":27,"column":27}},"12":{"start":{"line":30,"column":4},"end":{"line":30,"column":62}},"13":{"start":{"line":31,"column":4},"end":{"line":31,"column":57}},"14":{"start":{"line":31,"column":28},"end":{"line":31,"column":55}},"15":{"start":{"line":34,"column":2},"end":{"line":34,"column":46}}},"fnMap":{"0":{"name":"useSearchParams","decl":{"start":{"line":3,"column":16},"end":{"line":3,"column":31}},"loc":{"start":{"line":3,"column":31},"end":{"line":35,"column":1}}},"1":{"name":"(anonymous_1)","decl":{"start":{"line":11,"column":12},"end":{"line":11,"column":15}},"loc":{"start":{"line":11,"column":17},"end":{"line":19,"column":3}}},"2":{"name":"(anonymous_2)","decl":{"start":{"line":21,"column":29},"end":{"line":21,"column":30}},"loc":{"start":{"line":21,"column":73},"end":{"line":32,"column":3}}},"3":{"name":"(anonymous_3)","decl":{"start":{"line":23,"column":38},"end":{"line":23,"column":39}},"loc":{"start":{"line":23,"column":55},"end":{"line":29,"column":5}}},"4":{"name":"(anonymous_4)","decl":{"start":{"line":31,"column":20},"end":{"line":31,"column":24}},"loc":{"start":{"line":31,"column":28},"end":{"line":31,"column":55}}}},"branchMap":{"0":{"loc":{"start":{"line":14,"column":19},"end":{"line":14,"column":50}},"type":"binary-expr","locations":[{"start":{"line":14,"column":19},"end":{"line":14,"column":44}},{"start":{"line":14,"column":48},"end":{"line":14,"column":50}}]},"1":{"loc":{"start":{"line":15,"column":15},"end":{"line":15,"column":42}},"type":"binary-expr","locations":[{"start":{"line":15,"column":15},"end":{"line":15,"column":36}},{"start":{"line":15,"column":40},"end":{"line":15,"column":42}}]},"2":{"loc":{"start":{"line":16,"column":16},"end":{"line":16,"column":44}},"type":"binary-expr","locations":[{"start":{"line":16,"column":16},"end":{"line":16,"column":38}},{"start":{"line":16,"column":42},"end":{"line":16,"column":44}}]},"3":{"loc":{"start":{"line":17,"column":14},"end":{"line":17,"column":47}},"type":"binary-expr","locations":[{"start":{"line":17,"column":14},"end":{"line":17,"column":42}},{"start":{"line":17,"column":46},"end":{"line":17,"column":47}}]},"4":{"loc":{"start":{"line":24,"column":6},"end":{"line":28,"column":7}},"type":"if","locations":[{"start":{"line":24,"column":6},"end":{"line":28,"column":7}},{"start":{"line":26,"column":13},"end":{"line":28,"column":7}}]}},"s":{"0":0,"1":0,"2":0,"3":0,"4":0,"5":0,"6":0,"7":0,"8":0,"9":0,"10":0,"11":0,"12":0,"13":0,"14":0,"15":0},"f":{"0":0,"1":0,"2":0,"3":0,"4":0},"b":{"0":[0,0],"1":[0,0],"2":[0,0],"3":[0,0],"4":[0,0]}}
,"/Users/witsanupornpromsirinimit/Downloads/project 9/src/hooks/useTheme.ts": {"path":"/Users/witsanupornpromsirinimit/Downloads/project 9/src/hooks/useTheme.ts","statementMap":{"0":{"start":{"line":5,"column":0},"end":{"line":5,"column":16}},"1":{"start":{"line":1,"column":0},"end":{"line":1,"column":44}},"2":{"start":{"line":6,"column":28},"end":{"line":10,"column":4}},"3":{"start":{"line":7,"column":23},"end":{"line":7,"column":52}},"4":{"start":{"line":8,"column":4},"end":{"line":9,"column":90}},"5":{"start":{"line":12,"column":2},"end":{"line":15,"column":14}},"6":{"start":{"line":13,"column":4},"end":{"line":13,"column":72}},"7":{"start":{"line":14,"column":4},"end":{"line":14,"column":41}},"8":{"start":{"line":17,"column":22},"end":{"line":19,"column":3}},"9":{"start":{"line":18,"column":4},"end":{"line":18,"column":58}},"10":{"start":{"line":18,"column":21},"end":{"line":18,"column":56}},"11":{"start":{"line":21,"column":2},"end":{"line":21,"column":32}}},"fnMap":{"0":{"name":"useTheme","decl":{"start":{"line":5,"column":16},"end":{"line":5,"column":24}},"loc":{"start":{"line":5,"column":24},"end":{"line":22,"column":1}}},"1":{"name":"(anonymous_1)","decl":{"start":{"line":6,"column":44},"end":{"line":6,"column":47}},"loc":{"start":{"line":6,"column":49},"end":{"line":10,"column":3}}},"2":{"name":"(anonymous_2)","decl":{"start":{"line":12,"column":12},"end":{"line":12,"column":15}},"loc":{"start":{"line":12,"column":17},"end":{"line":15,"column":3}}},"3":{"name":"(anonymous_3)","decl":{"start":{"line":17,"column":22},"end":{"line":17,"column":25}},"loc":{"start":{"line":17,"column":27},"end":{"line":19,"column":3}}},"4":{"name":"(anonymous_4)","decl":{"start":{"line":18,"column":13},"end":{"line":18,"column":17}},"loc":{"start":{"line":18,"column":21},"end":{"line":18,"column":56}}}},"branchMap":{"0":{"loc":{"start":{"line":8,"column":12},"end":{"line":9,"column":89}},"type":"binary-expr","locations":[{"start":{"line":8,"column":12},"end":{"line":8,"column":32}},{"start":{"line":9,"column":12},"end":{"line":9,"column":88}}]},"1":{"loc":{"start":{"line":9,"column":12},"end":{"line":9,"column":88}},"type":"cond-expr","locations":[{"start":{"line":9,"column":72},"end":{"line":9,"column":78}},{"start":{"line":9,"column":81},"end":{"line":9,"column":88}}]},"2":{"loc":{"start":{"line":18,"column":21},"end":{"line":18,"column":56}},"type":"cond-expr","locations":[{"start":{"line":18,"column":40},"end":{"line":18,"column":46}},{"start":{"line":18,"column":49},"end":{"line":18,"column":56}}]}},"s":{"0":1,"1":1,"2":6,"3":4,"4":4,"5":6,"6":5,"7":5,"8":6,"9":1,"10":1,"11":6},"f":{"0":6,"1":4,"2":5,"3":1,"4":1},"b":{"0":[4,1],"1":[0,1],"2":[1,0]}}
,"/Users/witsanupornpromsirinimit/Downloads/project 9/src/lib/stripe.ts": {"path":"/Users/witsanupornpromsirinimit/Downloads/project 9/src/lib/stripe.ts","statementMap":{"0":{"start":{"line":6,"column":0},"end":{"line":6,"column":22}},"1":{"start":{"line":1,"column":0},"end":{"line":1,"column":47}},"2":{"start":{"line":4,"column":13},"end":{"line":4,"column":72}},"3":{"start":{"line":7,"column":2},"end":{"line":24,"column":3}},"4":{"start":{"line":8,"column":21},"end":{"line":14,"column":6}},"5":{"start":{"line":16,"column":4},"end":{"line":18,"column":5}},"6":{"start":{"line":17,"column":6},"end":{"line":17,"column":53}},"7":{"start":{"line":20,"column":4},"end":{"line":20,"column":33}},"8":{"start":{"line":22,"column":4},"end":{"line":22,"column":59}},"9":{"start":{"line":23,"column":4},"end":{"line":23,"column":16}}},"fnMap":{"0":{"name":"createPaymentIntent","decl":{"start":{"line":6,"column":22},"end":{"line":6,"column":41}},"loc":{"start":{"line":6,"column":56},"end":{"line":25,"column":null}}}},"branchMap":{"0":{"loc":{"start":{"line":16,"column":4},"end":{"line":18,"column":5}},"type":"if","locations":[{"start":{"line":16,"column":4},"end":{"line":18,"column":5}}]}},"s":{"0":0,"1":0,"2":0,"3":0,"4":0,"5":0,"6":0,"7":0,"8":0,"9":0},"f":{"0":0},"b":{"0":[0]}}
,"/Users/witsanupornpromsirinimit/Downloads/project 9/src/mocks/server.ts": {"path":"/Users/witsanupornpromsirinimit/Downloads/project 9/src/mocks/server.ts","statementMap":{"0":{"start":{"line":1,"column":0},"end":{"line":1,"column":39}},"1":{"start":{"line":2,"column":0},"end":{"line":2,"column":41}},"2":{"start":{"line":3,"column":0},"end":{"line":3,"column":43}},"3":{"start":{"line":5,"column":13},"end":{"line":23,"column":2}},"4":{"start":{"line":7,"column":4},"end":{"line":21,"column":7}}},"fnMap":{"0":{"name":"(anonymous_0)","decl":{"start":{"line":6,"column":46},"end":{"line":6,"column":49}},"loc":{"start":{"line":6,"column":51},"end":{"line":22,"column":3}}}},"branchMap":{},"s":{"0":0,"1":0,"2":0,"3":0,"4":0},"f":{"0":0},"b":{}}
,"/Users/witsanupornpromsirinimit/Downloads/project 9/src/utils/places.ts": {"path":"/Users/witsanupornpromsirinimit/Downloads/project 9/src/utils/places.ts","statementMap":{"0":{"start":{"line":3,"column":0},"end":{"line":3,"column":16}},"1":{"start":{"line":4,"column":2},"end":{"line":14,"column":4}}},"fnMap":{"0":{"name":"transformGeoapifyPlace","decl":{"start":{"line":3,"column":16},"end":{"line":3,"column":38}},"loc":{"start":{"line":3,"column":59},"end":{"line":15,"column":1}}}},"branchMap":{"0":{"loc":{"start":{"line":8,"column":11},"end":{"line":8,"column":105}},"type":"binary-expr","locations":[{"start":{"line":8,"column":11},"end":{"line":8,"column":33}},{"start":{"line":8,"column":37},"end":{"line":8,"column":105}}]},"1":{"loc":{"start":{"line":10,"column":12},"end":{"line":10,"column":60}},"type":"binary-expr","locations":[{"start":{"line":10,"column":12},"end":{"line":10,"column":35}},{"start":{"line":10,"column":39},"end":{"line":10,"column":60}}]}},"s":{"0":1,"1":0},"f":{"0":0},"b":{"0":[0,0],"1":[0,0]}}
}
