TN:
SF:src/App.tsx
FN:16,PrivateRoute
FN:21,App
FN:27,(anonymous_2)
FN:32,(anonymous_3)
FN:39,(anonymous_4)
FN:48,(anonymous_5)
FNF:6
FNH:0
FNDA:0,PrivateRoute
FNDA:0,App
FNDA:0,(anonymous_2)
FNDA:0,(anonymous_3)
FNDA:0,(anonymous_4)
FNDA:0,(anonymous_5)
DA:1,0
DA:2,0
DA:3,0
DA:4,0
DA:5,0
DA:6,0
DA:8,0
DA:9,0
DA:10,0
DA:11,0
DA:12,0
DA:13,0
DA:17,0
DA:18,0
DA:21,0
DA:23,0
DA:24,0
DA:25,0
DA:27,0
DA:28,0
DA:31,0
DA:33,0
DA:34,0
DA:35,0
DA:38,0
DA:40,0
DA:43,0
DA:48,0
DA:49,0
DA:52,0
LF:30
LH:0
BRDA:18,0,0,0
BRDA:18,0,1,0
BRDA:33,1,0,0
BRDA:40,2,0,0
BRDA:40,2,1,0
BRF:5
BRH:0
end_of_record
TN:
SF:src/main.tsx
FNF:0
FNH:0
DA:1,0
DA:2,0
DA:3,0
DA:4,0
DA:6,0
LF:5
LH:0
BRF:0
BRH:0
end_of_record
TN:
SF:src/components/Destinations.tsx
FN:12,Destinations
FN:41,(anonymous_1)
FNF:2
FNH:2
FNDA:3,Destinations
FNDA:6,(anonymous_1)
DA:2,1
DA:3,1
DA:12,1
DA:13,3
DA:14,0
DA:21,3
DA:22,0
DA:25,3
DA:42,6
LF:9
LH:7
BRDA:13,0,0,0
BRDA:21,1,0,0
BRF:2
BRH:0
end_of_record
TN:
SF:src/components/Hero.tsx
FN:5,Hero
FNF:1
FNH:1
FNDA:3,Hero
DA:1,1
DA:2,1
DA:3,1
DA:5,1
DA:6,3
LF:5
LH:5
BRF:0
BRH:0
end_of_record
TN:
SF:src/components/Navbar.tsx
FN:7,Navbar
FN:11,(anonymous_1)
FNF:2
FNH:1
FNDA:5,Navbar
FNDA:0,(anonymous_1)
DA:1,1
DA:2,1
DA:3,1
DA:4,1
DA:5,1
DA:7,1
DA:8,5
DA:9,5
DA:11,5
DA:12,0
DA:13,0
DA:16,5
LF:12
LH:10
BRDA:62,0,0,5
BRDA:62,0,1,0
BRF:2
BRH:1
end_of_record
TN:
SF:src/components/PlaceCard.tsx
FN:10,PlaceCard
FNF:1
FNH:1
FNDA:6,PlaceCard
DA:1,1
DA:2,1
DA:3,1
DA:10,1
DA:11,6
LF:5
LH:5
BRF:0
BRH:0
end_of_record
TN:
SF:src/components/ThemeToggle.tsx
FN:5,ThemeToggle
FNF:1
FNH:1
FNDA:6,ThemeToggle
DA:1,1
DA:2,1
DA:3,1
DA:5,1
DA:6,6
DA:8,6
LF:6
LH:6
BRDA:16,0,0,5
BRDA:16,0,1,1
BRF:2
BRH:2
end_of_record
TN:
SF:src/components/animations/fade.ts
FNF:0
FNH:0
DA:3,0
DA:12,0
LF:2
LH:0
BRF:0
BRH:0
end_of_record
TN:
SF:src/components/animations/index.ts
FNF:0
FNH:0
DA:1,1
DA:2,1
DA:3,1
DA:4,1
LF:4
LH:4
BRF:0
BRH:0
end_of_record
TN:
SF:src/components/animations/transitions/hover.ts
FNF:0
FNH:0
DA:1,1
DA:6,1
LF:2
LH:2
BRF:0
BRH:0
end_of_record
TN:
SF:src/components/animations/transitions/infinite.ts
FNF:0
FNH:0
DA:3,1
LF:1
LH:1
BRF:0
BRH:0
end_of_record
TN:
SF:src/components/animations/variants/fade.ts
FNF:0
FNH:0
DA:3,1
LF:1
LH:1
BRF:0
BRH:0
end_of_record
TN:
SF:src/components/animations/variants/slide.ts
FNF:0
FNH:0
DA:3,1
DA:12,1
LF:2
LH:2
BRF:0
BRH:0
end_of_record
TN:
SF:src/components/auth/AuthModal.tsx
FN:12,AuthModal
FNF:1
FNH:0
FNDA:0,AuthModal
DA:1,0
DA:2,0
DA:3,0
DA:4,0
DA:12,0
DA:13,0
LF:6
LH:0
BRDA:15,0,0,0
BRDA:15,0,1,0
BRDA:38,1,0,0
BRDA:38,1,1,0
BRF:4
BRH:0
end_of_record
TN:
SF:src/components/auth/LoginForm.tsx
FN:9,LoginForm
FN:14,(anonymous_8)
FN:14,(anonymous_9)
FN:35,(anonymous_10)
FN:47,(anonymous_11)
FNF:5
FNH:0
FNDA:0,LoginForm
FNDA:0,(anonymous_8)
FNDA:0,(anonymous_9)
FNDA:0,(anonymous_10)
FNDA:0,(anonymous_11)
DA:1,0
DA:2,0
DA:3,0
DA:9,0
DA:10,0
DA:11,0
DA:12,0
DA:14,0
DA:15,0
DA:16,0
DA:17,0
DA:18,0
DA:22,0
DA:35,0
DA:47,0
LF:15
LH:0
BRDA:17,0,0,0
BRDA:24,1,0,0
BRDA:24,1,1,0
BRF:3
BRH:0
end_of_record
TN:
SF:src/components/auth/SignIn.tsx
FN:10,SignIn
FN:18,(anonymous_8)
FN:18,(anonymous_9)
FN:57,(anonymous_10)
FN:71,(anonymous_11)
FNF:5
FNH:0
FNDA:0,SignIn
FNDA:0,(anonymous_8)
FNDA:0,(anonymous_9)
FNDA:0,(anonymous_10)
FNDA:0,(anonymous_11)
DA:1,0
DA:2,0
DA:3,0
DA:4,0
DA:10,0
DA:11,0
DA:12,0
DA:13,0
DA:14,0
DA:15,0
DA:16,0
DA:18,0
DA:19,0
DA:20,0
DA:21,0
DA:22,0
DA:26,0
DA:57,0
DA:71,0
LF:19
LH:0
BRDA:21,0,0,0
BRDA:37,1,0,0
BRDA:37,1,1,0
BRDA:37,2,0,0
BRDA:37,2,1,0
BRDA:37,3,0,0
BRDA:37,3,1,0
BRDA:44,4,0,0
BRDA:44,4,1,0
BRF:9
BRH:0
end_of_record
TN:
SF:src/components/auth/SignUp.tsx
FN:6,SignUp
FN:13,(anonymous_8)
FN:13,(anonymous_9)
FN:51,(anonymous_10)
FN:65,(anonymous_11)
FN:79,(anonymous_12)
FNF:6
FNH:0
FNDA:0,SignUp
FNDA:0,(anonymous_8)
FNDA:0,(anonymous_9)
FNDA:0,(anonymous_10)
FNDA:0,(anonymous_11)
FNDA:0,(anonymous_12)
DA:1,0
DA:2,0
DA:3,0
DA:4,0
DA:6,0
DA:7,0
DA:8,0
DA:9,0
DA:10,0
DA:11,0
DA:13,0
DA:14,0
DA:15,0
DA:16,0
DA:17,0
DA:19,0
DA:20,0
DA:21,0
DA:25,0
DA:51,0
DA:65,0
DA:79,0
LF:22
LH:0
BRDA:15,0,0,0
BRDA:20,1,0,0
BRDA:38,2,0,0
BRDA:38,2,1,0
BRF:4
BRH:0
end_of_record
TN:
SF:src/components/auth/UserDashboard.tsx
FN:5,UserDashboard
FN:28,(anonymous_1)
FNF:2
FNH:0
FNDA:0,UserDashboard
FNDA:0,(anonymous_1)
DA:1,0
DA:2,0
DA:3,0
DA:5,0
DA:6,0
DA:7,0
DA:9,0
DA:29,0
LF:8
LH:0
BRDA:7,0,0,0
BRDA:7,0,1,0
BRDA:7,1,0,0
BRDA:7,1,1,0
BRDA:18,2,0,0
BRDA:18,2,1,0
BRDA:18,3,0,0
BRDA:18,3,1,0
BRDA:24,4,0,0
BRDA:24,4,1,0
BRDA:26,5,0,0
BRDA:26,5,1,0
BRF:12
BRH:0
end_of_record
TN:
SF:src/components/auth/UserProfile.tsx
FN:5,UserProfile
FN:20,(anonymous_1)
FNF:2
FNH:0
FNDA:0,UserProfile
FNDA:0,(anonymous_1)
DA:1,0
DA:2,0
DA:3,0
DA:5,0
DA:6,0
DA:7,0
DA:9,0
DA:11,0
DA:21,0
LF:9
LH:0
BRDA:7,0,0,0
BRDA:7,0,1,0
BRDA:7,1,0,0
BRDA:7,1,1,0
BRDA:9,2,0,0
BRDA:16,3,0,0
BRDA:16,3,1,0
BRF:7
BRH:0
end_of_record
TN:
SF:src/components/booking/BookingPage.tsx
FN:14,BookingPage
FN:21,(anonymous_1)
FN:23,(anonymous_2)
FN:33,(anonymous_3)
FN:38,(anonymous_4)
FN:43,(anonymous_5)
FN:140,(anonymous_6)
FN:140,(anonymous_7)
FN:153,(anonymous_8)
FN:154,(anonymous_9)
FN:170,(anonymous_10)
FNF:11
FNH:0
FNDA:0,BookingPage
FNDA:0,(anonymous_1)
FNDA:0,(anonymous_2)
FNDA:0,(anonymous_3)
FNDA:0,(anonymous_4)
FNDA:0,(anonymous_5)
FNDA:0,(anonymous_6)
FNDA:0,(anonymous_7)
FNDA:0,(anonymous_8)
FNDA:0,(anonymous_9)
FNDA:0,(anonymous_10)
DA:1,0
DA:2,0
DA:3,0
DA:4,0
DA:5,0
DA:6,0
DA:7,0
DA:14,0
DA:15,0
DA:16,0
DA:17,0
DA:18,0
DA:19,0
DA:21,0
DA:23,0
DA:24,0
DA:25,0
DA:29,0
DA:31,0
DA:33,0
DA:34,0
DA:35,0
DA:38,0
DA:40,0
DA:43,0
DA:44,0
DA:48,0
DA:140,0
DA:154,0
DA:170,0
LF:30
LH:0
BRDA:24,0,0,0
BRDA:29,1,0,0
BRDA:118,2,0,0
BRDA:118,2,1,0
BRF:4
BRH:0
end_of_record
TN:
SF:src/components/booking/BookingSuccess.tsx
FN:5,BookingSuccess
FNF:1
FNH:0
FNDA:0,BookingSuccess
DA:1,0
DA:2,0
DA:3,0
DA:5,0
DA:6,0
LF:5
LH:0
BRF:0
BRH:0
end_of_record
TN:
SF:src/components/payment/PaymentForm.tsx
FN:15,PaymentForm
FN:21,(anonymous_8)
FN:25,(anonymous_9)
FN:25,(anonymous_10)
FNF:4
FNH:0
FNDA:0,PaymentForm
FNDA:0,(anonymous_8)
FNDA:0,(anonymous_9)
FNDA:0,(anonymous_10)
DA:1,0
DA:2,0
DA:3,0
DA:4,0
DA:15,0
DA:16,0
DA:17,0
DA:18,0
DA:19,0
DA:21,0
DA:22,0
DA:25,0
DA:26,0
DA:28,0
DA:29,0
DA:32,0
DA:34,0
DA:35,0
DA:42,0
DA:43,0
DA:49,0
DA:51,0
DA:55,0
LF:23
LH:0
BRDA:22,0,0,0
BRDA:22,0,1,0
BRDA:28,1,0,0
BRDA:28,2,0,0
BRDA:28,2,1,0
BRDA:42,3,0,0
BRDA:43,4,0,0
BRDA:43,4,1,0
BRDA:93,5,0,0
BRDA:93,5,1,0
BRDA:105,6,0,0
BRDA:105,6,1,0
BRDA:107,7,0,0
BRDA:107,7,1,0
BRDA:112,8,0,0
BRDA:112,8,1,0
BRF:16
BRH:0
end_of_record
TN:
SF:src/components/search/SearchBar.tsx
FN:11,SearchBar
FN:14,(anonymous_1)
FN:34,(anonymous_2)
FN:43,(anonymous_3)
FN:52,(anonymous_4)
FN:62,(anonymous_5)
FNF:6
FNH:0
FNDA:0,SearchBar
FNDA:0,(anonymous_1)
FNDA:0,(anonymous_2)
FNDA:0,(anonymous_3)
FNDA:0,(anonymous_4)
FNDA:0,(anonymous_5)
DA:2,0
DA:3,0
DA:4,0
DA:11,0
DA:12,0
DA:14,0
DA:15,0
DA:16,0
DA:19,0
DA:34,0
DA:43,0
DA:52,0
DA:62,0
LF:13
LH:0
BRF:0
BRH:0
end_of_record
TN:
SF:src/config/api.ts
FNF:0
FNH:0
DA:1,1
LF:1
LH:1
BRF:0
BRH:0
end_of_record
TN:
SF:src/hooks/useAuth.ts
FN:4,useAuth
FN:5,(anonymous_9)
FN:11,(anonymous_10)
FN:19,(anonymous_11)
FN:19,(anonymous_12)
FN:22,(anonymous_13)
FN:37,(anonymous_14)
FN:37,(anonymous_15)
FN:41,(anonymous_16)
FN:65,(anonymous_17)
FNF:10
FNH:0
FNDA:0,useAuth
FNDA:0,(anonymous_9)
FNDA:0,(anonymous_10)
FNDA:0,(anonymous_11)
FNDA:0,(anonymous_12)
FNDA:0,(anonymous_13)
FNDA:0,(anonymous_14)
FNDA:0,(anonymous_15)
FNDA:0,(anonymous_16)
FNDA:0,(anonymous_17)
DA:1,1
DA:4,1
DA:5,0
DA:6,0
DA:7,0
DA:9,0
DA:11,0
DA:12,0
DA:13,0
DA:15,0
DA:19,0
DA:20,0
DA:21,0
DA:22,0
DA:24,0
DA:25,0
DA:26,0
DA:27,0
DA:28,0
DA:30,0
DA:32,0
DA:33,0
DA:37,0
DA:38,0
DA:39,0
DA:41,0
DA:42,0
DA:45,0
DA:52,0
DA:53,0
DA:55,0
DA:56,0
DA:57,0
DA:58,0
DA:60,0
DA:61,0
DA:65,0
DA:66,0
DA:67,0
DA:70,0
LF:40
LH:2
BRDA:7,0,0,0
BRDA:7,0,1,0
BRDA:12,1,0,0
BRDA:12,1,1,0
BRDA:21,2,0,0
BRDA:21,2,1,0
BRDA:22,3,0,0
BRDA:22,3,1,0
BRDA:24,4,0,0
BRDA:32,5,0,0
BRDA:32,5,1,0
BRDA:39,6,0,0
BRDA:39,6,1,0
BRDA:41,7,0,0
BRDA:60,8,0,0
BRDA:60,8,1,0
BRF:16
BRH:0
end_of_record
TN:
SF:src/hooks/useBookings.ts
FN:4,useBookings
FN:8,(anonymous_8)
FN:18,(anonymous_9)
FN:28,(anonymous_10)
FN:28,(anonymous_11)
FN:42,(anonymous_12)
FNF:6
FNH:0
FNDA:0,useBookings
FNDA:0,(anonymous_8)
FNDA:0,(anonymous_9)
FNDA:0,(anonymous_10)
FNDA:0,(anonymous_11)
FNDA:0,(anonymous_12)
DA:1,0
DA:4,0
DA:5,0
DA:6,0
DA:8,0
DA:9,0
DA:10,0
DA:11,0
DA:12,0
DA:15,0
DA:16,0
DA:17,0
DA:18,0
DA:19,0
DA:21,0
DA:22,0
DA:24,0
DA:28,0
DA:29,0
DA:30,0
DA:31,0
DA:33,0
DA:39,0
DA:40,0
DA:42,0
DA:43,0
DA:45,0
DA:46,0
DA:50,0
LF:29
LH:0
BRDA:9,0,0,0
BRDA:17,1,0,0
BRDA:17,1,1,0
BRDA:31,2,0,0
BRDA:31,2,1,0
BRF:5
BRH:0
end_of_record
TN:
SF:src/hooks/usePlaces.ts
FN:6,usePlaces
FN:11,(anonymous_8)
FN:15,(anonymous_9)
FN:15,(anonymous_10)
FN:31,(anonymous_11)
FNF:5
FNH:0
FNDA:0,usePlaces
FNDA:0,(anonymous_8)
FNDA:0,(anonymous_9)
FNDA:0,(anonymous_10)
FNDA:0,(anonymous_11)
DA:1,1
DA:2,1
DA:4,1
DA:6,1
DA:7,0
DA:8,0
DA:9,0
DA:11,0
DA:12,0
DA:15,0
DA:16,0
DA:17,0
DA:24,0
DA:26,0
DA:27,0
DA:30,0
DA:31,0
DA:33,0
DA:35,0
DA:36,0
DA:38,0
DA:52,0
DA:56,0
LF:23
LH:4
BRDA:26,0,0,0
BRF:1
BRH:0
end_of_record
TN:
SF:src/hooks/useQuery.ts
FN:9,useQuery
FN:14,(anonymous_8)
FN:14,(anonymous_9)
FNF:3
FNH:0
FNDA:0,useQuery
FNDA:0,(anonymous_8)
FNDA:0,(anonymous_9)
DA:1,0
DA:9,0
DA:10,0
DA:11,0
DA:12,0
DA:14,0
DA:15,0
DA:16,0
DA:18,0
DA:19,0
DA:20,0
DA:21,0
DA:23,0
DA:24,0
DA:25,0
DA:27,0
DA:31,0
LF:17
LH:0
BRDA:21,0,0,0
BRDA:21,0,1,0
BRDA:21,1,0,0
BRDA:21,1,1,0
BRDA:23,2,0,0
BRDA:23,2,1,0
BRDA:25,3,0,0
BRDA:25,3,1,0
BRDA:25,4,0,0
BRDA:25,4,1,0
BRF:10
BRH:0
end_of_record
TN:
SF:src/hooks/useSearch.ts
FN:6,useSearch
FN:14,(anonymous_1)
FN:18,(anonymous_2)
FN:27,(anonymous_3)
FNF:4
FNH:0
FNDA:0,useSearch
FNDA:0,(anonymous_1)
FNDA:0,(anonymous_2)
FNDA:0,(anonymous_3)
DA:1,0
DA:5,0
DA:6,0
DA:7,0
DA:8,0
DA:10,0
DA:11,0
DA:13,0
DA:15,0
DA:17,0
DA:19,0
DA:26,0
DA:28,0
DA:29,0
DA:36,0
LF:15
LH:0
BRDA:15,0,0,0
BRDA:19,1,0,0
BRDA:19,1,1,0
BRF:3
BRH:0
end_of_record
TN:
SF:src/hooks/useSearchParams.ts
FN:3,useSearchParams
FN:11,(anonymous_1)
FN:21,(anonymous_2)
FN:23,(anonymous_3)
FN:31,(anonymous_4)
FNF:5
FNH:0
FNDA:0,useSearchParams
FNDA:0,(anonymous_1)
FNDA:0,(anonymous_2)
FNDA:0,(anonymous_3)
FNDA:0,(anonymous_4)
DA:1,0
DA:3,0
DA:4,0
DA:11,0
DA:12,0
DA:13,0
DA:21,0
DA:22,0
DA:23,0
DA:24,0
DA:25,0
DA:27,0
DA:30,0
DA:31,0
DA:34,0
LF:15
LH:0
BRDA:14,0,0,0
BRDA:14,0,1,0
BRDA:15,1,0,0
BRDA:15,1,1,0
BRDA:16,2,0,0
BRDA:16,2,1,0
BRDA:17,3,0,0
BRDA:17,3,1,0
BRDA:24,4,0,0
BRDA:24,4,1,0
BRF:10
BRH:0
end_of_record
TN:
SF:src/hooks/useTheme.ts
FN:5,useTheme
FN:6,(anonymous_1)
FN:12,(anonymous_2)
FN:17,(anonymous_3)
FN:18,(anonymous_4)
FNF:5
FNH:5
FNDA:6,useTheme
FNDA:4,(anonymous_1)
FNDA:5,(anonymous_2)
FNDA:1,(anonymous_3)
FNDA:1,(anonymous_4)
DA:1,1
DA:5,1
DA:6,6
DA:7,4
DA:8,4
DA:12,6
DA:13,5
DA:14,5
DA:17,6
DA:18,1
DA:21,6
LF:11
LH:11
BRDA:8,0,0,4
BRDA:8,0,1,1
BRDA:9,1,0,0
BRDA:9,1,1,1
BRDA:18,2,0,1
BRDA:18,2,1,0
BRF:6
BRH:4
end_of_record
TN:
SF:src/lib/stripe.ts
FN:6,createPaymentIntent
FNF:1
FNH:0
FNDA:0,createPaymentIntent
DA:1,0
DA:4,0
DA:6,0
DA:7,0
DA:8,0
DA:16,0
DA:17,0
DA:20,0
DA:22,0
DA:23,0
LF:10
LH:0
BRDA:16,0,0,0
BRF:1
BRH:0
end_of_record
TN:
SF:src/mocks/server.ts
FN:6,(anonymous_0)
FNF:1
FNH:0
FNDA:0,(anonymous_0)
DA:1,0
DA:2,0
DA:3,0
DA:5,0
DA:7,0
LF:5
LH:0
BRF:0
BRH:0
end_of_record
TN:
SF:src/utils/places.ts
FN:3,transformGeoapifyPlace
FNF:1
FNH:0
FNDA:0,transformGeoapifyPlace
DA:3,1
DA:4,0
LF:2
LH:1
BRDA:8,0,0,0
BRDA:8,0,1,0
BRDA:10,1,0,0
BRDA:10,1,1,0
BRF:4
BRH:0
end_of_record
